<?xml version="1.0" encoding="UTF-8"?>
<robot generator="Robot 3.2.1 (Python 3.8.2 on linux)" generated="20211121 19:20:11.182" rpa="false">
<suite id="s1" name="Robot Compare Snapshot" source="/home/devasc/labs/devnet-src/sample-app/Network_Monitor/robot_compare_snapshot.robot">
<test id="s1-t1" name="Connect">
<kw name="use genie testbed &quot;${testbed}&quot;" library="genie.libs.robot.GenieRobot">
<doc>Create the genie testbed</doc>
<msg timestamp="20211121 19:20:11.960" level="INFO">+------------------------------------------------------------------------------+
|                            Genie datafiles used:                             |
+------------------------------------------------------------------------------+</msg>
<msg timestamp="20211121 19:20:11.960" level="INFO">Trigger datafile          | </msg>
<msg timestamp="20211121 19:20:11.960" level="INFO">Verification  datafile    | </msg>
<msg timestamp="20211121 19:20:11.960" level="INFO">Pts datafile              | /home/devasc/.local/lib/python3.8/site-packages/genie/libs/sdk/genie_yamls/pts_datafile.yaml</msg>
<msg timestamp="20211121 19:20:11.960" level="INFO">Subsection datafile       | /home/devasc/.local/lib/python3.8/site-packages/genie/libs/sdk/genie_yamls/subsection_datafile.yaml</msg>
<msg timestamp="20211121 19:20:11.960" level="INFO">Config datafile           | None</msg>
<msg timestamp="20211121 19:20:11.976" level="WARN">Could not load the Datafile correctly</msg>
<status status="PASS" starttime="20211121 19:20:11.934" endtime="20211121 19:20:11.976"></status>
</kw>
<kw name="connect to device &quot;R1&quot;" library="pyats.robot.pyATSRobot">
<doc>Connect to device connection as defined in testbed.yaml</doc>
<msg timestamp="20211121 19:20:11.977" level="INFO">Connecting to device 'Device R1, type iosxe'</msg>
<msg timestamp="20211121 19:20:11.977" level="INFO">kwargs: {}</msg>
<msg timestamp="20211121 19:20:12.787" level="INFO">[2021-11-21 19:20:11,979] +++ R1 logfile /tmp/R1-cli-20211121T192011978.log +++
[2021-11-21 19:20:11,979] +++ Unicon plugin iosxe +++
Password: 
[2021-11-21 19:20:12,121] +++ connection to spawn: ssh -l cisco 192.168.56.101, id: 139917339412272 +++
[2021-11-21 19:20:12,121] connection to R1

C
*                                           *
**                                         **
***                                       ***
***  Cisco Networking Academy             ***
***                                       ***
***  This software is provided for        ***
***   Educational Purposes                ***
***    Only in Networking Academies       ***
***                                       ***
**                                         **
*                                           *



R1#
[2021-11-21 19:20:12,193] +++ initializing handle +++
[2021-11-21 19:20:12,194] +++ R1: executing command 'term length 0' +++
term length 0
R1#
[2021-11-21 19:20:12,346] +++ R1: executing command 'term width 0' +++
term width 0
R1#
[2021-11-21 19:20:12,494] +++ R1: executing command 'show version' +++
show version
Cisco IOS XE Software, Version 16.12.03
Cisco IOS Software [Gibraltar], Virtual XE Software (X86_64_LINUX_IOSD-UNIVERSALK9-M), Version 16.12.3, RELEASE SOFTWARE (fc5)
Technical Support: http://www.cisco.com/techsupport
Copyright (c) 1986-2020 by Cisco Systems, Inc.
Compiled Mon 09-Mar-20 21:50 by mcpre


Cisco IOS-XE software, Copyright (c) 2005-2020 by cisco Systems, Inc.
All rights reserved.  Certain components of Cisco IOS-XE software are
licensed under the GNU General Public License ("GPL") Version 2.0.  The
software code licensed under GPL Version 2.0 is free software that comes
with ABSOLUTELY NO WARRANTY.  You can redistribute and/or modify such
GPL code under the terms of GPL Version 2.0.  For more details, see the
documentation or "License Notice" file accompanying the IOS-XE software,
or the applicable URL provided on the flyer accompanying the IOS-XE
software.


ROM: IOS-XE ROMMON

R1 uptime is 29 minutes
Uptime for this control processor is 33 minutes
System returned to ROM by reload
System image file is "bootflash:packages.conf"
Last reload reason: reload



This product contains cryptographic features and is subject to United
States and local country laws governing import, export, transfer and
use. Delivery of Cisco cryptographic products does not imply
third-party authority to import, export, distribute or use encryption.
Importers, exporters, distributors and users are responsible for
compliance with U.S. and local country laws. By using this product you
agree to comply with applicable laws and regulations. If you are unable
to comply with U.S. and local laws, return this product immediately.

A summary of U.S. laws governing Cisco cryptographic products may be found at:
http://www.cisco.com/wwl/export/crypto/tool/stqrg.html

If you require further assistance please contact us by sending email to
export@cisco.com.

License Level: ax
License Type: N/A(Smart License Enabled)
Next reload license Level: ax


Smart Licensing Status: UNREGISTERED/No Licenses in Use

cisco CSR1000V (VXE) processor (revision VXE) with 723430K/3075K bytes of memory.
Processor board ID 9T4V2DF3DBN
3 Gigabit Ethernet interfaces
32768K bytes of non-volatile configuration memory.
2471456K bytes of physical memory.
6188032K bytes of virtual hard disk at bootflash:.
0K bytes of WebUI ODM Files at webui:.

Configuration register is 0x2102

R1#
[2021-11-21 19:20:12,657] +++ R1: config +++
config term
Enter configuration commands, one per line.  End with CNTL/Z.
R1(config)#no logging console
R1(config)#line console 0
R1(config-line)#exec-timeout 0
R1(config-line)#end
R1#</msg>
<status status="PASS" starttime="20211121 19:20:11.977" endtime="20211121 19:20:12.788"></status>
</kw>
<kw name="connect to device &quot;R2&quot;" library="pyats.robot.pyATSRobot">
<doc>Connect to device connection as defined in testbed.yaml</doc>
<msg timestamp="20211121 19:20:12.789" level="INFO">Connecting to device 'Device R2, type iosxe'</msg>
<msg timestamp="20211121 19:20:12.789" level="INFO">kwargs: {}</msg>
<msg timestamp="20211121 19:20:13.572" level="INFO">[2021-11-21 19:20:12,791] +++ R2 logfile /tmp/R2-cli-20211121T192012791.log +++
[2021-11-21 19:20:12,792] +++ Unicon plugin iosxe +++
Password: 
[2021-11-21 19:20:12,921] +++ connection to spawn: ssh -l cisco 192.168.56.102, id: 139917339158080 +++
[2021-11-21 19:20:12,921] connection to R2

C
*                                           *
**                                         **
***                                       ***
***  Cisco Networking Academy             ***
***                                       ***
***  This software is provided for        ***
***   Educational Purposes                ***
***    Only in Networking Academies       ***
***                                       ***
**                                         **
*                                           *



R2#
[2021-11-21 19:20:12,992] +++ initializing handle +++
[2021-11-21 19:20:12,993] +++ R2: executing command 'term length 0' +++
term length 0
R2#
[2021-11-21 19:20:13,149] +++ R2: executing command 'term width 0' +++
term width 0
R2#
[2021-11-21 19:20:13,289] +++ R2: executing command 'show version' +++
show version
Cisco IOS XE Software, Version 16.12.03
Cisco IOS Software [Gibraltar], Virtual XE Software (X86_64_LINUX_IOSD-UNIVERSALK9-M), Version 16.12.3, RELEASE SOFTWARE (fc5)
Technical Support: http://www.cisco.com/techsupport
Copyright (c) 1986-2020 by Cisco Systems, Inc.
Compiled Mon 09-Mar-20 21:50 by mcpre


Cisco IOS-XE software, Copyright (c) 2005-2020 by cisco Systems, Inc.
All rights reserved.  Certain components of Cisco IOS-XE software are
licensed under the GNU General Public License ("GPL") Version 2.0.  The
software code licensed under GPL Version 2.0 is free software that comes
with ABSOLUTELY NO WARRANTY.  You can redistribute and/or modify such
GPL code under the terms of GPL Version 2.0.  For more details, see the
documentation or "License Notice" file accompanying the IOS-XE software,
or the applicable URL provided on the flyer accompanying the IOS-XE
software.


ROM: IOS-XE ROMMON

R2 uptime is 29 minutes
Uptime for this control processor is 33 minutes
System returned to ROM by reload
System image file is "bootflash:packages.conf"
Last reload reason: reload



This product contains cryptographic features and is subject to United
States and local country laws governing import, export, transfer and
use. Delivery of Cisco cryptographic products does not imply
third-party authority to import, export, distribute or use encryption.
Importers, exporters, distributors and users are responsible for
compliance with U.S. and local country laws. By using this product you
agree to comply with applicable laws and regulations. If you are unable
to comply with U.S. and local laws, return this product immediately.

A summary of U.S. laws governing Cisco cryptographic products may be found at:
http://www.cisco.com/wwl/export/crypto/tool/stqrg.html

If you require further assistance please contact us by sending email to
export@cisco.com.

License Level: ax
License Type: N/A(Smart License Enabled)
Next reload license Level: ax


Smart Licensing Status: UNREGISTERED/No Licenses in Use

cisco CSR1000V (VXE) processor (revision VXE) with 734694K/3075K bytes of memory.
Processor board ID 967ELFHPMR0
3 Gigabit Ethernet interfaces
32768K bytes of non-volatile configuration memory.
2633248K bytes of physical memory.
6188032K bytes of virtual hard disk at bootflash:.
0K bytes of WebUI ODM Files at webui:.

Configuration register is 0x2102

R2#
[2021-11-21 19:20:13,440] +++ R2: config +++
config term
Enter configuration commands, one per line.  End with CNTL/Z.
R2(config)#no logging console
R2(config)#line console 0
R2(config-line)#exec-timeout 0
R2(config-line)#end
R2#</msg>
<status status="PASS" starttime="20211121 19:20:12.788" endtime="20211121 19:20:13.572"></status>
</kw>
<status status="PASS" starttime="20211121 19:20:11.933" endtime="20211121 19:20:13.573" critical="yes"></status>
</test>
<test id="s1-t2" name="Profile the devices">
<kw name="Profile the system for &quot;bgp;config;interface;platform;ospf;arp&quot; on devices &quot;R1;R2&quot; as &quot;./new_snapshot&quot;" library="genie.libs.robot.GenieRobot">
<doc>Profile system as per the provided features on the devices</doc>
<msg timestamp="20211121 19:20:13.576" level="INFO">Start learning feature bgp</msg>
<msg timestamp="20211121 19:20:14.661" level="INFO">Could not learn &lt;class 'genie.libs.parser.iosxe.show_bgp.ShowIpBgpTemplatePeerSession'&gt;
Parser Output is empty</msg>
<msg timestamp="20211121 19:20:14.870" level="INFO">Could not learn &lt;class 'genie.libs.parser.iosxe.show_bgp.ShowIpBgpTemplatePeerPolicy'&gt;
Parser Output is empty</msg>
<msg timestamp="20211121 19:20:15.418" level="INFO">Could not learn &lt;class 'genie.libs.parser.iosxe.show_bgp.ShowIpBgpAllDampeningParameters'&gt;
Parser Output is empty</msg>
<msg timestamp="20211121 19:20:15.944" level="INFO">Could not learn &lt;class 'genie.libs.parser.iosxe.show_bgp.ShowBgpAllNeighborsPolicy'&gt;
Parser Output is empty</msg>
<msg timestamp="20211121 19:20:16.155" level="INFO">Could not learn &lt;class 'genie.libs.parser.iosxe.show_bgp.ShowBgpAllNeighborsPolicy'&gt;
Parser Output is empty</msg>
<msg timestamp="20211121 19:20:18.738" level="INFO">Could not learn &lt;class 'genie.libs.parser.iosxe.show_bgp.ShowBgpAllNeighborsReceivedRoutes'&gt;
Parser Output is empty</msg>
<msg timestamp="20211121 19:20:19.154" level="INFO">Could not learn &lt;class 'genie.libs.parser.iosxe.show_bgp.ShowBgpAllNeighborsReceivedRoutes'&gt;
Parser Output is empty</msg>
<msg timestamp="20211121 19:20:19.156" level="INFO">+====================================================================================================================================================+</msg>
<msg timestamp="20211121 19:20:19.156" level="INFO">| Commands for learning feature 'Bgp'                                                                                                                |</msg>
<msg timestamp="20211121 19:20:19.156" level="INFO">+====================================================================================================================================================+</msg>
<msg timestamp="20211121 19:20:19.156" level="INFO">| - Parsed commands                                                                                                                                  |</msg>
<msg timestamp="20211121 19:20:19.156" level="INFO">|----------------------------------------------------------------------------------------------------------------------------------------------------|</msg>
<msg timestamp="20211121 19:20:19.156" level="INFO">|   cmd: &lt;class 'genie.libs.parser.iosxe.show_bgp.ShowBgpAllSummary'&gt;, arguments: {'address_family':'','vrf':''}                                     |</msg>
<msg timestamp="20211121 19:20:19.156" level="INFO">|   cmd: &lt;class 'genie.libs.parser.iosxe.show_bgp.ShowBgpAllClusterIds'&gt;                                                                             |</msg>
<msg timestamp="20211121 19:20:19.156" level="INFO">|   cmd: &lt;class 'genie.libs.parser.iosxe.show_bgp.ShowBgpAllNeighbors'&gt;, arguments: {'address_family':'','neighbor':''}                              |</msg>
<msg timestamp="20211121 19:20:19.156" level="INFO">|   cmd: &lt;class 'genie.libs.parser.iosxe.show_bgp.ShowBgpAll'&gt;, arguments: {'address_family':''}                                                     |</msg>
<msg timestamp="20211121 19:20:19.157" level="INFO">|   cmd: &lt;class 'genie.libs.parser.iosxe.show_bgp.ShowBgpAllDetail'&gt;, arguments: {'address_family':'','vrf':''}                                      |</msg>
<msg timestamp="20211121 19:20:19.157" level="INFO">|   cmd: &lt;class 'genie.libs.parser.iosxe.show_bgp.ShowBgpAllNeighborsAdvertisedRoutes'&gt;, arguments:                                                  |</msg>
<msg timestamp="20211121 19:20:19.157" level="INFO">| {'address_family':'','neighbor':'192.168.148.102'}                                                                                                 |</msg>
<msg timestamp="20211121 19:20:19.157" level="INFO">|   cmd: &lt;class 'genie.libs.parser.iosxe.show_bgp.ShowBgpAllNeighborsAdvertisedRoutes'&gt;, arguments:                                                  |</msg>
<msg timestamp="20211121 19:20:19.157" level="INFO">| {'address_family':'','neighbor':'192.168.157.102'}                                                                                                 |</msg>
<msg timestamp="20211121 19:20:19.157" level="INFO">|   cmd: &lt;class 'genie.libs.parser.iosxe.show_bgp.ShowBgpAllNeighborsRoutes'&gt;, arguments: {'address_family':'','neighbor':'192.168.148.102'}         |</msg>
<msg timestamp="20211121 19:20:19.157" level="INFO">|   cmd: &lt;class 'genie.libs.parser.iosxe.show_bgp.ShowBgpAllNeighborsRoutes'&gt;, arguments: {'address_family':'','neighbor':'192.168.157.102'}         |</msg>
<msg timestamp="20211121 19:20:19.157" level="INFO">|====================================================================================================================================================|</msg>
<msg timestamp="20211121 19:20:19.157" level="INFO">| - Commands with empty output                                                                                                                       |</msg>
<msg timestamp="20211121 19:20:19.157" level="INFO">|----------------------------------------------------------------------------------------------------------------------------------------------------|</msg>
<msg timestamp="20211121 19:20:19.158" level="INFO">|   cmd: &lt;class 'genie.libs.parser.iosxe.show_bgp.ShowIpBgpTemplatePeerSession'&gt;                                                                     |</msg>
<msg timestamp="20211121 19:20:19.158" level="INFO">|   cmd: &lt;class 'genie.libs.parser.iosxe.show_bgp.ShowIpBgpTemplatePeerPolicy'&gt;                                                                      |</msg>
<msg timestamp="20211121 19:20:19.158" level="INFO">|   cmd: &lt;class 'genie.libs.parser.iosxe.show_bgp.ShowIpBgpAllDampeningParameters'&gt;                                                                  |</msg>
<msg timestamp="20211121 19:20:19.158" level="INFO">|   cmd: &lt;class 'genie.libs.parser.iosxe.show_bgp.ShowBgpAllNeighborsPolicy'&gt;, arguments: {'neighbor':'192.168.148.102'}                             |</msg>
<msg timestamp="20211121 19:20:19.158" level="INFO">|   cmd: &lt;class 'genie.libs.parser.iosxe.show_bgp.ShowBgpAllNeighborsPolicy'&gt;, arguments: {'neighbor':'192.168.157.102'}                             |</msg>
<msg timestamp="20211121 19:20:19.158" level="INFO">|   cmd: &lt;class 'genie.libs.parser.iosxe.show_bgp.ShowBgpAllNeighborsReceivedRoutes'&gt;, arguments: {'address_family':'','neighbor':'192.168.148.102'} |</msg>
<msg timestamp="20211121 19:20:19.158" level="INFO">|   cmd: &lt;class 'genie.libs.parser.iosxe.show_bgp.ShowBgpAllNeighborsReceivedRoutes'&gt;, arguments: {'address_family':'','neighbor':'192.168.157.102'} |</msg>
<msg timestamp="20211121 19:20:19.158" level="INFO">|====================================================================================================================================================|</msg>
<msg timestamp="20211121 19:20:19.166" level="INFO">Start learning device configuration</msg>
<msg timestamp="20211121 19:20:19.417" level="INFO">Start learning feature interface</msg>
<msg timestamp="20211121 19:20:19.563" level="INFO">Could not learn &lt;class 'genie.libs.parser.iosxe.show_vrf.ShowVrf'&gt;
Parser Output is empty</msg>
<msg timestamp="20211121 19:20:20.356" level="INFO">Could not learn &lt;class 'genie.libs.parser.iosxe.show_interface.ShowIpv6Interface'&gt;
Parser Output is empty</msg>
<msg timestamp="20211121 19:20:20.356" level="INFO">+====================================================================================================================================================+</msg>
<msg timestamp="20211121 19:20:20.356" level="INFO">| Commands for learning feature 'Interface'                                                                                                          |</msg>
<msg timestamp="20211121 19:20:20.356" level="INFO">+====================================================================================================================================================+</msg>
<msg timestamp="20211121 19:20:20.356" level="INFO">| - Parsed commands                                                                                                                                  |</msg>
<msg timestamp="20211121 19:20:20.356" level="INFO">|----------------------------------------------------------------------------------------------------------------------------------------------------|</msg>
<msg timestamp="20211121 19:20:20.357" level="INFO">|   cmd: &lt;class 'genie.libs.parser.iosxe.show_interface.ShowInterfaces'&gt;, arguments: {'interface':''}                                                |</msg>
<msg timestamp="20211121 19:20:20.357" level="INFO">|   cmd: &lt;class 'genie.libs.parser.iosxe.show_interface.ShowInterfacesAccounting'&gt;, arguments: {'interface':''}                                      |</msg>
<msg timestamp="20211121 19:20:20.357" level="INFO">|   cmd: &lt;class 'genie.libs.parser.iosxe.show_interface.ShowIpInterface'&gt;, arguments: {'interface':''}                                               |</msg>
<msg timestamp="20211121 19:20:20.357" level="INFO">|====================================================================================================================================================|</msg>
<msg timestamp="20211121 19:20:20.357" level="INFO">| - Commands with empty output                                                                                                                       |</msg>
<msg timestamp="20211121 19:20:20.357" level="INFO">|----------------------------------------------------------------------------------------------------------------------------------------------------|</msg>
<msg timestamp="20211121 19:20:20.357" level="INFO">|   cmd: &lt;class 'genie.libs.parser.iosxe.show_vrf.ShowVrf'&gt;, arguments: {'vrf':''}                                                                   |</msg>
<msg timestamp="20211121 19:20:20.357" level="INFO">|   cmd: &lt;class 'genie.libs.parser.iosxe.show_interface.ShowIpv6Interface'&gt;, arguments: {'interface':''}                                             |</msg>
<msg timestamp="20211121 19:20:20.357" level="INFO">|====================================================================================================================================================|</msg>
<msg timestamp="20211121 19:20:20.381" level="INFO">Start learning feature platform</msg>
<msg timestamp="20211121 19:20:30.209" level="INFO">+====================================================================================================================================================+</msg>
<msg timestamp="20211121 19:20:30.209" level="INFO">| Commands for learning feature 'Platform'                                                                                                           |</msg>
<msg timestamp="20211121 19:20:30.209" level="INFO">+====================================================================================================================================================+</msg>
<msg timestamp="20211121 19:20:30.209" level="INFO">| - Parsed commands                                                                                                                                  |</msg>
<msg timestamp="20211121 19:20:30.209" level="INFO">|----------------------------------------------------------------------------------------------------------------------------------------------------|</msg>
<msg timestamp="20211121 19:20:30.209" level="INFO">|   cmd: &lt;class 'genie.libs.parser.iosxe.show_platform.ShowVersion'&gt;                                                                                 |</msg>
<msg timestamp="20211121 19:20:30.209" level="INFO">|   cmd: &lt;class 'genie.libs.parser.iosxe.show_platform.Dir'&gt;                                                                                         |</msg>
<msg timestamp="20211121 19:20:30.210" level="INFO">|   cmd: &lt;class 'genie.libs.parser.iosxe.show_platform.ShowRedundancy'&gt;                                                                              |</msg>
<msg timestamp="20211121 19:20:30.210" level="INFO">|   cmd: &lt;class 'genie.libs.parser.iosxe.show_platform.ShowInventory'&gt;                                                                               |</msg>
<msg timestamp="20211121 19:20:30.210" level="INFO">|   cmd: &lt;class 'genie.libs.parser.iosxe.show_issu.ShowIssuRollbackTimer'&gt;                                                                           |</msg>
<msg timestamp="20211121 19:20:30.210" level="INFO">|   cmd: &lt;class 'genie.libs.parser.iosxe.show_platform.ShowPlatform'&gt;                                                                                |</msg>
<msg timestamp="20211121 19:20:30.210" level="INFO">|   cmd: &lt;class 'genie.libs.parser.iosxe.show_issu.ShowIssuStateDetail'&gt;                                                                             |</msg>
<msg timestamp="20211121 19:20:30.210" level="INFO">|====================================================================================================================================================|</msg>
<msg timestamp="20211121 19:20:30.214" level="INFO">Start learning feature ospf</msg>
<msg timestamp="20211121 19:20:32.843" level="INFO">Could not learn &lt;class 'genie.libs.parser.iosxe.show_ospf.ShowIpOspfVirtualLinks'&gt;
Parser Output is empty</msg>
<msg timestamp="20211121 19:20:35.615" level="INFO">Could not learn &lt;class 'genie.libs.parser.iosxe.show_ospf.ShowIpOspfShamLinks'&gt;
Parser Output is empty</msg>
<msg timestamp="20211121 19:20:35.616" level="INFO">+====================================================================================================================================================+</msg>
<msg timestamp="20211121 19:20:35.616" level="INFO">| Commands for learning feature 'Ospf'                                                                                                               |</msg>
<msg timestamp="20211121 19:20:35.617" level="INFO">+====================================================================================================================================================+</msg>
<msg timestamp="20211121 19:20:35.617" level="INFO">| - Parsed commands                                                                                                                                  |</msg>
<msg timestamp="20211121 19:20:35.617" level="INFO">|----------------------------------------------------------------------------------------------------------------------------------------------------|</msg>
<msg timestamp="20211121 19:20:35.617" level="INFO">|   cmd: &lt;class 'genie.libs.parser.iosxe.show_ospf.ShowIpOspf'&gt;                                                                                      |</msg>
<msg timestamp="20211121 19:20:35.617" level="INFO">|   cmd: &lt;class 'genie.libs.parser.iosxe.show_protocols.ShowIpProtocols'&gt;, arguments: {'vrf':''}                                                     |</msg>
<msg timestamp="20211121 19:20:35.617" level="INFO">|   cmd: &lt;class 'genie.libs.parser.iosxe.show_ospf.ShowIpOspfMplsLdpInterface'&gt;, arguments: {'interface':''}                                         |</msg>
<msg timestamp="20211121 19:20:35.617" level="INFO">|   cmd: &lt;class 'genie.libs.parser.iosxe.show_ospf.ShowIpOspfMplsTrafficEngLink'&gt;                                                                    |</msg>
<msg timestamp="20211121 19:20:35.617" level="INFO">|   cmd: &lt;class 'genie.libs.parser.iosxe.show_ospf.ShowIpOspfDatabaseRouter'&gt;                                                                        |</msg>
<msg timestamp="20211121 19:20:35.617" level="INFO">|   cmd: &lt;class 'genie.libs.parser.iosxe.show_ospf.ShowIpOspfDatabaseNetwork'&gt;                                                                       |</msg>
<msg timestamp="20211121 19:20:35.617" level="INFO">|   cmd: &lt;class 'genie.libs.parser.iosxe.show_ospf.ShowIpOspfDatabaseExternal'&gt;                                                                      |</msg>
<msg timestamp="20211121 19:20:35.617" level="INFO">|   cmd: &lt;class 'genie.libs.parser.iosxe.show_ospf.ShowIpOspfDatabaseSummary'&gt;                                                                       |</msg>
<msg timestamp="20211121 19:20:35.617" level="INFO">|   cmd: &lt;class 'genie.libs.parser.iosxe.show_ospf.ShowIpOspfDatabaseOpaqueArea'&gt;                                                                    |</msg>
<msg timestamp="20211121 19:20:35.617" level="INFO">|   cmd: &lt;class 'genie.libs.parser.iosxe.show_ospf.ShowIpOspfInterface'&gt;, arguments: {'interface':''}                                                |</msg>
<msg timestamp="20211121 19:20:35.617" level="INFO">|   cmd: &lt;class 'genie.libs.parser.iosxe.show_ospf.ShowIpOspfNeighborDetail'&gt;, arguments: {'neighbor':''}                                            |</msg>
<msg timestamp="20211121 19:20:35.618" level="INFO">|====================================================================================================================================================|</msg>
<msg timestamp="20211121 19:20:35.618" level="INFO">| - Commands with empty output                                                                                                                       |</msg>
<msg timestamp="20211121 19:20:35.618" level="INFO">|----------------------------------------------------------------------------------------------------------------------------------------------------|</msg>
<msg timestamp="20211121 19:20:35.618" level="INFO">|   cmd: &lt;class 'genie.libs.parser.iosxe.show_ospf.ShowIpOspfVirtualLinks'&gt;                                                                          |</msg>
<msg timestamp="20211121 19:20:35.618" level="INFO">|   cmd: &lt;class 'genie.libs.parser.iosxe.show_ospf.ShowIpOspfShamLinks'&gt;                                                                             |</msg>
<msg timestamp="20211121 19:20:35.618" level="INFO">|====================================================================================================================================================|</msg>
<msg timestamp="20211121 19:20:35.733" level="INFO">Start learning feature arp</msg>
<msg timestamp="20211121 19:20:36.027" level="INFO">Could not learn &lt;class 'genie.libs.parser.iosxe.show_vrf.ShowVrf'&gt;
Parser Output is empty</msg>
<msg timestamp="20211121 19:20:36.568" level="INFO">+====================================================================================================================================================+</msg>
<msg timestamp="20211121 19:20:36.568" level="INFO">| Commands for learning feature 'Arp'                                                                                                                |</msg>
<msg timestamp="20211121 19:20:36.568" level="INFO">+====================================================================================================================================================+</msg>
<msg timestamp="20211121 19:20:36.568" level="INFO">| - Parsed commands                                                                                                                                  |</msg>
<msg timestamp="20211121 19:20:36.568" level="INFO">|----------------------------------------------------------------------------------------------------------------------------------------------------|</msg>
<msg timestamp="20211121 19:20:36.568" level="INFO">|   cmd: &lt;class 'genie.libs.parser.iosxe.show_arp.ShowIpArp'&gt;                                                                                        |</msg>
<msg timestamp="20211121 19:20:36.568" level="INFO">|   cmd: &lt;class 'genie.libs.parser.iosxe.show_interface.ShowIpInterface'&gt;                                                                            |</msg>
<msg timestamp="20211121 19:20:36.569" level="INFO">|   cmd: &lt;class 'genie.libs.parser.iosxe.show_arp.ShowIpArpSummary'&gt;                                                                                 |</msg>
<msg timestamp="20211121 19:20:36.569" level="INFO">|   cmd: &lt;class 'genie.libs.parser.iosxe.show_arp.ShowIpTraffic'&gt;                                                                                    |</msg>
<msg timestamp="20211121 19:20:36.569" level="INFO">|====================================================================================================================================================|</msg>
<msg timestamp="20211121 19:20:36.569" level="INFO">| - Commands with empty output                                                                                                                       |</msg>
<msg timestamp="20211121 19:20:36.569" level="INFO">|----------------------------------------------------------------------------------------------------------------------------------------------------|</msg>
<msg timestamp="20211121 19:20:36.569" level="INFO">|   cmd: &lt;class 'genie.libs.parser.iosxe.show_vrf.ShowVrf'&gt;                                                                                          |</msg>
<msg timestamp="20211121 19:20:36.569" level="INFO">|====================================================================================================================================================|</msg>
<msg timestamp="20211121 19:20:36.573" level="INFO">Start learning feature bgp</msg>
<msg timestamp="20211121 19:20:37.112" level="INFO">Could not learn &lt;class 'genie.libs.parser.iosxe.show_bgp.ShowIpBgpTemplatePeerSession'&gt;
Parser Output is empty</msg>
<msg timestamp="20211121 19:20:37.304" level="INFO">Could not learn &lt;class 'genie.libs.parser.iosxe.show_bgp.ShowIpBgpTemplatePeerPolicy'&gt;
Parser Output is empty</msg>
<msg timestamp="20211121 19:20:37.893" level="INFO">Could not learn &lt;class 'genie.libs.parser.iosxe.show_bgp.ShowIpBgpAllDampeningParameters'&gt;
Parser Output is empty</msg>
<msg timestamp="20211121 19:20:38.368" level="INFO">Could not learn &lt;class 'genie.libs.parser.iosxe.show_bgp.ShowBgpAllNeighborsPolicy'&gt;
Parser Output is empty</msg>
<msg timestamp="20211121 19:20:38.703" level="INFO">Could not learn &lt;class 'genie.libs.parser.iosxe.show_bgp.ShowBgpAllNeighborsPolicy'&gt;
Parser Output is empty</msg>
<msg timestamp="20211121 19:20:39.485" level="INFO">Could not learn &lt;class 'genie.libs.parser.iosxe.show_bgp.ShowBgpAllNeighborsAdvertisedRoutes'&gt;
Parser Output is empty</msg>
<msg timestamp="20211121 19:20:40.291" level="INFO">Could not learn &lt;class 'genie.libs.parser.iosxe.show_bgp.ShowBgpAllNeighborsRoutes'&gt;
Parser Output is empty</msg>
<msg timestamp="20211121 19:20:41.179" level="INFO">Could not learn &lt;class 'genie.libs.parser.iosxe.show_bgp.ShowBgpAllNeighborsReceivedRoutes'&gt;
Parser Output is empty</msg>
<msg timestamp="20211121 19:20:41.591" level="INFO">Could not learn &lt;class 'genie.libs.parser.iosxe.show_bgp.ShowBgpAllNeighborsReceivedRoutes'&gt;
Parser Output is empty</msg>
<msg timestamp="20211121 19:20:41.592" level="INFO">+====================================================================================================================================================+</msg>
<msg timestamp="20211121 19:20:41.592" level="INFO">| Commands for learning feature 'Bgp'                                                                                                                |</msg>
<msg timestamp="20211121 19:20:41.592" level="INFO">+====================================================================================================================================================+</msg>
<msg timestamp="20211121 19:20:41.592" level="INFO">| - Parsed commands                                                                                                                                  |</msg>
<msg timestamp="20211121 19:20:41.593" level="INFO">|----------------------------------------------------------------------------------------------------------------------------------------------------|</msg>
<msg timestamp="20211121 19:20:41.593" level="INFO">|   cmd: &lt;class 'genie.libs.parser.iosxe.show_bgp.ShowBgpAllSummary'&gt;, arguments: {'address_family':'','vrf':''}                                     |</msg>
<msg timestamp="20211121 19:20:41.593" level="INFO">|   cmd: &lt;class 'genie.libs.parser.iosxe.show_bgp.ShowBgpAllClusterIds'&gt;                                                                             |</msg>
<msg timestamp="20211121 19:20:41.593" level="INFO">|   cmd: &lt;class 'genie.libs.parser.iosxe.show_bgp.ShowBgpAllNeighbors'&gt;, arguments: {'address_family':'','neighbor':''}                              |</msg>
<msg timestamp="20211121 19:20:41.593" level="INFO">|   cmd: &lt;class 'genie.libs.parser.iosxe.show_bgp.ShowBgpAll'&gt;, arguments: {'address_family':''}                                                     |</msg>
<msg timestamp="20211121 19:20:41.593" level="INFO">|   cmd: &lt;class 'genie.libs.parser.iosxe.show_bgp.ShowBgpAllDetail'&gt;, arguments: {'address_family':'','vrf':''}                                      |</msg>
<msg timestamp="20211121 19:20:41.593" level="INFO">|   cmd: &lt;class 'genie.libs.parser.iosxe.show_bgp.ShowBgpAllNeighborsAdvertisedRoutes'&gt;, arguments:                                                  |</msg>
<msg timestamp="20211121 19:20:41.593" level="INFO">| {'address_family':'','neighbor':'192.168.157.101'}                                                                                                 |</msg>
<msg timestamp="20211121 19:20:41.593" level="INFO">|   cmd: &lt;class 'genie.libs.parser.iosxe.show_bgp.ShowBgpAllNeighborsRoutes'&gt;, arguments: {'address_family':'','neighbor':'192.168.157.101'}         |</msg>
<msg timestamp="20211121 19:20:41.593" level="INFO">|====================================================================================================================================================|</msg>
<msg timestamp="20211121 19:20:41.593" level="INFO">| - Commands with empty output                                                                                                                       |</msg>
<msg timestamp="20211121 19:20:41.593" level="INFO">|----------------------------------------------------------------------------------------------------------------------------------------------------|</msg>
<msg timestamp="20211121 19:20:41.593" level="INFO">|   cmd: &lt;class 'genie.libs.parser.iosxe.show_bgp.ShowIpBgpTemplatePeerSession'&gt;                                                                     |</msg>
<msg timestamp="20211121 19:20:41.593" level="INFO">|   cmd: &lt;class 'genie.libs.parser.iosxe.show_bgp.ShowIpBgpTemplatePeerPolicy'&gt;                                                                      |</msg>
<msg timestamp="20211121 19:20:41.593" level="INFO">|   cmd: &lt;class 'genie.libs.parser.iosxe.show_bgp.ShowIpBgpAllDampeningParameters'&gt;                                                                  |</msg>
<msg timestamp="20211121 19:20:41.594" level="INFO">|   cmd: &lt;class 'genie.libs.parser.iosxe.show_bgp.ShowBgpAllNeighborsPolicy'&gt;, arguments: {'neighbor':'192.168.148.101'}                             |</msg>
<msg timestamp="20211121 19:20:41.594" level="INFO">|   cmd: &lt;class 'genie.libs.parser.iosxe.show_bgp.ShowBgpAllNeighborsPolicy'&gt;, arguments: {'neighbor':'192.168.157.101'}                             |</msg>
<msg timestamp="20211121 19:20:41.594" level="INFO">|   cmd: &lt;class 'genie.libs.parser.iosxe.show_bgp.ShowBgpAllNeighborsAdvertisedRoutes'&gt;, arguments:                                                  |</msg>
<msg timestamp="20211121 19:20:41.594" level="INFO">| {'address_family':'','neighbor':'192.168.148.101'}                                                                                                 |</msg>
<msg timestamp="20211121 19:20:41.594" level="INFO">|   cmd: &lt;class 'genie.libs.parser.iosxe.show_bgp.ShowBgpAllNeighborsRoutes'&gt;, arguments: {'address_family':'','neighbor':'192.168.148.101'}         |</msg>
<msg timestamp="20211121 19:20:41.594" level="INFO">|   cmd: &lt;class 'genie.libs.parser.iosxe.show_bgp.ShowBgpAllNeighborsReceivedRoutes'&gt;, arguments: {'address_family':'','neighbor':'192.168.148.101'} |</msg>
<msg timestamp="20211121 19:20:41.594" level="INFO">|   cmd: &lt;class 'genie.libs.parser.iosxe.show_bgp.ShowBgpAllNeighborsReceivedRoutes'&gt;, arguments: {'address_family':'','neighbor':'192.168.157.101'} |</msg>
<msg timestamp="20211121 19:20:41.594" level="INFO">|====================================================================================================================================================|</msg>
<msg timestamp="20211121 19:20:41.596" level="INFO">Start learning device configuration</msg>
<msg timestamp="20211121 19:20:41.833" level="INFO">Start learning feature interface</msg>
<msg timestamp="20211121 19:20:41.973" level="INFO">Could not learn &lt;class 'genie.libs.parser.iosxe.show_vrf.ShowVrf'&gt;
Parser Output is empty</msg>
<msg timestamp="20211121 19:20:42.710" level="INFO">Could not learn &lt;class 'genie.libs.parser.iosxe.show_interface.ShowIpv6Interface'&gt;
Parser Output is empty</msg>
<msg timestamp="20211121 19:20:42.710" level="INFO">+====================================================================================================================================================+</msg>
<msg timestamp="20211121 19:20:42.711" level="INFO">| Commands for learning feature 'Interface'                                                                                                          |</msg>
<msg timestamp="20211121 19:20:42.711" level="INFO">+====================================================================================================================================================+</msg>
<msg timestamp="20211121 19:20:42.711" level="INFO">| - Parsed commands                                                                                                                                  |</msg>
<msg timestamp="20211121 19:20:42.711" level="INFO">|----------------------------------------------------------------------------------------------------------------------------------------------------|</msg>
<msg timestamp="20211121 19:20:42.711" level="INFO">|   cmd: &lt;class 'genie.libs.parser.iosxe.show_interface.ShowInterfaces'&gt;, arguments: {'interface':''}                                                |</msg>
<msg timestamp="20211121 19:20:42.711" level="INFO">|   cmd: &lt;class 'genie.libs.parser.iosxe.show_interface.ShowInterfacesAccounting'&gt;, arguments: {'interface':''}                                      |</msg>
<msg timestamp="20211121 19:20:42.711" level="INFO">|   cmd: &lt;class 'genie.libs.parser.iosxe.show_interface.ShowIpInterface'&gt;, arguments: {'interface':''}                                               |</msg>
<msg timestamp="20211121 19:20:42.711" level="INFO">|====================================================================================================================================================|</msg>
<msg timestamp="20211121 19:20:42.711" level="INFO">| - Commands with empty output                                                                                                                       |</msg>
<msg timestamp="20211121 19:20:42.711" level="INFO">|----------------------------------------------------------------------------------------------------------------------------------------------------|</msg>
<msg timestamp="20211121 19:20:42.711" level="INFO">|   cmd: &lt;class 'genie.libs.parser.iosxe.show_vrf.ShowVrf'&gt;, arguments: {'vrf':''}                                                                   |</msg>
<msg timestamp="20211121 19:20:42.711" level="INFO">|   cmd: &lt;class 'genie.libs.parser.iosxe.show_interface.ShowIpv6Interface'&gt;, arguments: {'interface':''}                                             |</msg>
<msg timestamp="20211121 19:20:42.711" level="INFO">|====================================================================================================================================================|</msg>
<msg timestamp="20211121 19:20:42.736" level="INFO">Start learning feature platform</msg>
<msg timestamp="20211121 19:20:52.487" level="INFO">+====================================================================================================================================================+</msg>
<msg timestamp="20211121 19:20:52.487" level="INFO">| Commands for learning feature 'Platform'                                                                                                           |</msg>
<msg timestamp="20211121 19:20:52.488" level="INFO">+====================================================================================================================================================+</msg>
<msg timestamp="20211121 19:20:52.488" level="INFO">| - Parsed commands                                                                                                                                  |</msg>
<msg timestamp="20211121 19:20:52.488" level="INFO">|----------------------------------------------------------------------------------------------------------------------------------------------------|</msg>
<msg timestamp="20211121 19:20:52.488" level="INFO">|   cmd: &lt;class 'genie.libs.parser.iosxe.show_platform.ShowVersion'&gt;                                                                                 |</msg>
<msg timestamp="20211121 19:20:52.488" level="INFO">|   cmd: &lt;class 'genie.libs.parser.iosxe.show_platform.Dir'&gt;                                                                                         |</msg>
<msg timestamp="20211121 19:20:52.488" level="INFO">|   cmd: &lt;class 'genie.libs.parser.iosxe.show_platform.ShowRedundancy'&gt;                                                                              |</msg>
<msg timestamp="20211121 19:20:52.488" level="INFO">|   cmd: &lt;class 'genie.libs.parser.iosxe.show_platform.ShowInventory'&gt;                                                                               |</msg>
<msg timestamp="20211121 19:20:52.488" level="INFO">|   cmd: &lt;class 'genie.libs.parser.iosxe.show_issu.ShowIssuRollbackTimer'&gt;                                                                           |</msg>
<msg timestamp="20211121 19:20:52.488" level="INFO">|   cmd: &lt;class 'genie.libs.parser.iosxe.show_platform.ShowPlatform'&gt;                                                                                |</msg>
<msg timestamp="20211121 19:20:52.488" level="INFO">|   cmd: &lt;class 'genie.libs.parser.iosxe.show_issu.ShowIssuStateDetail'&gt;                                                                             |</msg>
<msg timestamp="20211121 19:20:52.489" level="INFO">|====================================================================================================================================================|</msg>
<msg timestamp="20211121 19:20:52.494" level="INFO">Start learning feature ospf</msg>
<msg timestamp="20211121 19:20:55.049" level="INFO">Could not learn &lt;class 'genie.libs.parser.iosxe.show_ospf.ShowIpOspfVirtualLinks'&gt;
Parser Output is empty</msg>
<msg timestamp="20211121 19:20:57.630" level="INFO">Could not learn &lt;class 'genie.libs.parser.iosxe.show_ospf.ShowIpOspfShamLinks'&gt;
Parser Output is empty</msg>
<msg timestamp="20211121 19:20:57.631" level="INFO">+====================================================================================================================================================+</msg>
<msg timestamp="20211121 19:20:57.631" level="INFO">| Commands for learning feature 'Ospf'                                                                                                               |</msg>
<msg timestamp="20211121 19:20:57.631" level="INFO">+====================================================================================================================================================+</msg>
<msg timestamp="20211121 19:20:57.631" level="INFO">| - Parsed commands                                                                                                                                  |</msg>
<msg timestamp="20211121 19:20:57.631" level="INFO">|----------------------------------------------------------------------------------------------------------------------------------------------------|</msg>
<msg timestamp="20211121 19:20:57.631" level="INFO">|   cmd: &lt;class 'genie.libs.parser.iosxe.show_ospf.ShowIpOspf'&gt;                                                                                      |</msg>
<msg timestamp="20211121 19:20:57.631" level="INFO">|   cmd: &lt;class 'genie.libs.parser.iosxe.show_protocols.ShowIpProtocols'&gt;, arguments: {'vrf':''}                                                     |</msg>
<msg timestamp="20211121 19:20:57.632" level="INFO">|   cmd: &lt;class 'genie.libs.parser.iosxe.show_ospf.ShowIpOspfMplsLdpInterface'&gt;, arguments: {'interface':''}                                         |</msg>
<msg timestamp="20211121 19:20:57.632" level="INFO">|   cmd: &lt;class 'genie.libs.parser.iosxe.show_ospf.ShowIpOspfMplsTrafficEngLink'&gt;                                                                    |</msg>
<msg timestamp="20211121 19:20:57.632" level="INFO">|   cmd: &lt;class 'genie.libs.parser.iosxe.show_ospf.ShowIpOspfDatabaseRouter'&gt;                                                                        |</msg>
<msg timestamp="20211121 19:20:57.632" level="INFO">|   cmd: &lt;class 'genie.libs.parser.iosxe.show_ospf.ShowIpOspfDatabaseNetwork'&gt;                                                                       |</msg>
<msg timestamp="20211121 19:20:57.632" level="INFO">|   cmd: &lt;class 'genie.libs.parser.iosxe.show_ospf.ShowIpOspfDatabaseExternal'&gt;                                                                      |</msg>
<msg timestamp="20211121 19:20:57.632" level="INFO">|   cmd: &lt;class 'genie.libs.parser.iosxe.show_ospf.ShowIpOspfDatabaseSummary'&gt;                                                                       |</msg>
<msg timestamp="20211121 19:20:57.632" level="INFO">|   cmd: &lt;class 'genie.libs.parser.iosxe.show_ospf.ShowIpOspfDatabaseOpaqueArea'&gt;                                                                    |</msg>
<msg timestamp="20211121 19:20:57.632" level="INFO">|   cmd: &lt;class 'genie.libs.parser.iosxe.show_ospf.ShowIpOspfInterface'&gt;, arguments: {'interface':''}                                                |</msg>
<msg timestamp="20211121 19:20:57.632" level="INFO">|   cmd: &lt;class 'genie.libs.parser.iosxe.show_ospf.ShowIpOspfNeighborDetail'&gt;, arguments: {'neighbor':''}                                            |</msg>
<msg timestamp="20211121 19:20:57.632" level="INFO">|====================================================================================================================================================|</msg>
<msg timestamp="20211121 19:20:57.632" level="INFO">| - Commands with empty output                                                                                                                       |</msg>
<msg timestamp="20211121 19:20:57.632" level="INFO">|----------------------------------------------------------------------------------------------------------------------------------------------------|</msg>
<msg timestamp="20211121 19:20:57.632" level="INFO">|   cmd: &lt;class 'genie.libs.parser.iosxe.show_ospf.ShowIpOspfVirtualLinks'&gt;                                                                          |</msg>
<msg timestamp="20211121 19:20:57.632" level="INFO">|   cmd: &lt;class 'genie.libs.parser.iosxe.show_ospf.ShowIpOspfShamLinks'&gt;                                                                             |</msg>
<msg timestamp="20211121 19:20:57.632" level="INFO">|====================================================================================================================================================|</msg>
<msg timestamp="20211121 19:20:57.803" level="INFO">Start learning feature arp</msg>
<msg timestamp="20211121 19:20:58.121" level="INFO">Could not learn &lt;class 'genie.libs.parser.iosxe.show_vrf.ShowVrf'&gt;
Parser Output is empty</msg>
<msg timestamp="20211121 19:20:58.831" level="INFO">+====================================================================================================================================================+</msg>
<msg timestamp="20211121 19:20:58.831" level="INFO">| Commands for learning feature 'Arp'                                                                                                                |</msg>
<msg timestamp="20211121 19:20:58.832" level="INFO">+====================================================================================================================================================+</msg>
<msg timestamp="20211121 19:20:58.832" level="INFO">| - Parsed commands                                                                                                                                  |</msg>
<msg timestamp="20211121 19:20:58.832" level="INFO">|----------------------------------------------------------------------------------------------------------------------------------------------------|</msg>
<msg timestamp="20211121 19:20:58.832" level="INFO">|   cmd: &lt;class 'genie.libs.parser.iosxe.show_arp.ShowIpArp'&gt;                                                                                        |</msg>
<msg timestamp="20211121 19:20:58.832" level="INFO">|   cmd: &lt;class 'genie.libs.parser.iosxe.show_interface.ShowIpInterface'&gt;                                                                            |</msg>
<msg timestamp="20211121 19:20:58.832" level="INFO">|   cmd: &lt;class 'genie.libs.parser.iosxe.show_arp.ShowIpArpSummary'&gt;                                                                                 |</msg>
<msg timestamp="20211121 19:20:58.832" level="INFO">|   cmd: &lt;class 'genie.libs.parser.iosxe.show_arp.ShowIpTraffic'&gt;                                                                                    |</msg>
<msg timestamp="20211121 19:20:58.832" level="INFO">|====================================================================================================================================================|</msg>
<msg timestamp="20211121 19:20:58.832" level="INFO">| - Commands with empty output                                                                                                                       |</msg>
<msg timestamp="20211121 19:20:58.832" level="INFO">|----------------------------------------------------------------------------------------------------------------------------------------------------|</msg>
<msg timestamp="20211121 19:20:58.832" level="INFO">|   cmd: &lt;class 'genie.libs.parser.iosxe.show_vrf.ShowVrf'&gt;                                                                                          |</msg>
<msg timestamp="20211121 19:20:58.832" level="INFO">|====================================================================================================================================================|</msg>
<msg timestamp="20211121 19:20:59.128" level="INFO">Saved system profile as file: /home/devasc/labs/devnet-src/sample-app/Network_Monitor/./new_snapshot_R2_arp_pts.json</msg>
<msg timestamp="20211121 19:20:59.131" level="INFO">[2021-11-21 19:20:14,292] +++ R1: executing command 'show bgp all summary' +++
show bgp all summary
For address family: IPv4 Unicast
BGP router identifier 11.1.1.1, local AS number 65001
BGP table version is 5, main routing table version 5
4 network entries using 992 bytes of memory
6 path entries using 816 bytes of memory
2/2 BGP path/bestpath attribute entries using 576 bytes of memory
1 BGP AS-PATH entries using 24 bytes of memory
0 BGP route-map cache entries using 0 bytes of memory
0 BGP filter-list cache entries using 0 bytes of memory
BGP using 2408 total bytes of memory
BGP activity 6/2 prefixes, 8/2 paths, scan interval 60 secs
4 networks peaked at 18:52:26 Nov 21 2021 UTC (00:27:58.602 ago)

Neighbor        V           AS MsgRcvd MsgSent   TblVer  InQ OutQ Up/Down  State/PfxRcd
192.168.148.102 4        65002      35      36        5    0    0 00:28:52        2
192.168.157.102 4        65002      36      37        5    0    0 00:28:55        2
R1#
[2021-11-21 19:20:14,483] +++ R1: executing command 'show ip bgp template peer-session' +++
show ip bgp template peer-session
No templates configured

R1#
[2021-11-21 19:20:14,662] +++ R1: executing command 'show ip bgp template peer-policy' +++
show ip bgp template peer-policy
No templates configured

R1#
[2021-11-21 19:20:14,870] +++ R1: executing command 'show vrf detail | inc \(VRF' +++
show vrf detail | inc \(VRF
R1#
[2021-11-21 19:20:15,049] +++ R1: executing command 'show bgp all cluster-ids' +++
show bgp all cluster-ids
Global cluster-id: 11.1.1.1 (configured: 0.0.0.0)
BGP client-to-client reflection:         Configured    Used
  all (inter-cluster and intra-cluster): ENABLED
  intra-cluster:                         ENABLED       ENABLED

List of cluster-ids:
Cluster-id     #-neighbors C2C-rfl-CFG C2C-rfl-USE
R1#
[2021-11-21 19:20:15,210] +++ R1: executing command 'show ip bgp all dampening parameters' +++
show ip bgp all dampening parameters
For address family: IPv4 Unicast

% dampening not enabled for base

For address family: IPv6 Unicast

% dampening not enabled for base

For address family: IPv4 Multicast

% dampening not enabled for base

For address family: L2VPN E-VPN

% dampening not enabled for base

For address family: MVPNv4 Unicast

% dampening not enabled for base

For address family: MVPNv6 Unicast

% dampening not enabled for base
R1#
[2021-11-21 19:20:15,419] +++ R1: executing command 'show bgp all neighbors' +++
show bgp all neighbors
For address family: IPv4 Unicast
BGP neighbor is 192.168.148.102,  remote AS 65002, external link
  BGP version 4, remote router ID 11.2.2.2
  BGP state = Established, up for 00:28:53
  Last read 00:01:15, last write 00:00:21, hold time is 180, keepalive interval is 60 seconds
  Neighbor sessions:
    1 active, is not multisession capable (disabled)
  Neighbor capabilities:
    Route refresh: advertised and received(new)
    Four-octets ASN Capability: advertised and received
    Address family IPv4 Unicast: advertised and received
    Enhanced Refresh Capability: advertised and received
    Multisession Capability: 
    Stateful switchover support enabled: NO for session 1
  Message statistics:
    InQ depth is 0
    OutQ depth is 0
    
                         Sent       Rcvd
    Opens:                  1          1
    Notifications:          0          0
    Updates:                3          3
    Keepalives:            32         31
    Route Refresh:          0          0
    Total:                 36         35
  Do log neighbor state changes (via global configuration)
  Default minimum time between advertisement runs is 30 seconds

  Address tracking is enabled, the RIB does have a route to 192.168.148.102
  Route to peer address reachability Up: 1; Down: 0
    Last notification 00:29:25
  Connections established 1; dropped 0
  Last reset never
  External BGP neighbor configured for connected checks (single-hop no-disable-connected-check)
  Interface associated: GigabitEthernet2 (peering address in same link)
  Transport(tcp) path-mtu-discovery is enabled
  Graceful-Restart is disabled
  SSO is disabled
Connection state is ESTAB, I/O status: 1, unread input bytes: 0            
Connection is ECN Disabled, Mininum incoming TTL 0, Outgoing TTL 1
Local host: 192.168.148.101, Local port: 13249
Foreign host: 192.168.148.102, Foreign port: 179
Connection tableid (VRF): 0
Maximum output segment queue size: 50

Enqueued packets for retransmit: 1, input: 0  mis-ordered: 0 (0 bytes)

Event Timers (current time is 0x1EC4C5):
Timer          Starts    Wakeups            Next
Retrans            39          4        0x1EF49A
TimeWait            0          0             0x0
AckHold            34         31             0x0
SendWnd             0          0             0x0
KeepAlive           0          0             0x0
GiveUp              0          0             0x0
PmtuAger          863        862        0x1EF843
DeadWait            0          0             0x0
Linger              0          0             0x0
ProcessQ            0          0             0x0

iss:  209439975  snduna:  209440758  sndnxt:  209440777
irs: 2643494976  rcvnxt: 2643495759

sndwnd:  15602  scale:      0  maxrcvwnd:  16384
rcvwnd:  15602  scale:      0  delrcvwnd:    782

SRTT: 989 ms, RTTO: 1076 ms, RTV: 87 ms, KRTT: 17216 ms
minRTT: 30 ms, maxRTT: 1000 ms, ACK hold: 200 ms
uptime: 1734026 ms, Sent idletime: 4971 ms, Receive idletime: 73162 ms 
Status Flags: active open
Option Flags: nagle, path mtu capable
IP Precedence value : 6

Datagrams (max data segment is 1460 bytes):
Rcvd: 68 (out of order: 0), with data: 34, total data bytes: 782
Sent: 68 (retransmit: 4, fastretransmit: 0, partialack: 0, Second Congestion: 0), with data: 34, total data bytes: 801

 Packets received in fast path: 0, fast processed: 0, slow path: 0
 fast lock acquisition failures: 0, slow path: 0
TCP Semaphore      0x7FCF6F2251E8  FREE 

BGP neighbor is 192.168.157.102,  remote AS 65002, external link
  BGP version 4, remote router ID 11.2.2.2
  BGP state = Established, up for 00:28:57
  Last read 00:00:12, last write 00:00:28, hold time is 180, keepalive interval is 60 seconds
  Neighbor sessions:
    1 active, is not multisession capable (disabled)
  Neighbor capabilities:
    Route refresh: advertised and received(new)
    Four-octets ASN Capability: advertised and received
    Address family IPv4 Unicast: advertised and received
    Enhanced Refresh Capability: advertised and received
    Multisession Capability: 
    Stateful switchover support enabled: NO for session 1
  Message statistics:
    InQ depth is 0
    OutQ depth is 0
    
                         Sent       Rcvd
    Opens:                  1          1
    Notifications:          0          0
    Updates:                3          4
    Keepalives:            33         31
    Route Refresh:          0          0
    Total:                 37         36
  Do log neighbor state changes (via global configuration)
  Default minimum time between advertisement runs is 30 seconds

  Address tracking is enabled, the RIB does have a route to 192.168.157.102
  Route to peer address reachability Up: 1; Down: 0
    Last notification 00:29:25
  Connections established 1; dropped 0
  Last reset never
  External BGP neighbor configured for connected checks (single-hop no-disable-connected-check)
  Interface associated: GigabitEthernet3 (peering address in same link)
  Transport(tcp) path-mtu-discovery is enabled
  Graceful-Restart is disabled
  SSO is disabled
Connection state is ESTAB, I/O status: 1, unread input bytes: 0            
Connection is ECN Disabled, Mininum incoming TTL 0, Outgoing TTL 1
Local host: 192.168.157.101, Local port: 12497
Foreign host: 192.168.157.102, Foreign port: 179
Connection tableid (VRF): 0
Maximum output segment queue size: 50

Enqueued packets for retransmit: 0, input: 0  mis-ordered: 0 (0 bytes)

Event Timers (current time is 0x1EC4C5):
Timer          Starts    Wakeups            Next
Retrans            36          0             0x0
TimeWait            0          0             0x0
AckHold            35         31             0x0
SendWnd             0          0             0x0
KeepAlive           0          0             0x0
GiveUp              0          0             0x0
PmtuAger          897        896        0x1EC4EE
DeadWait            0          0             0x0
Linger              0          0             0x0
ProcessQ            0          0             0x0

iss: 1109324024  snduna: 1109324845  sndnxt: 1109324845
irs: 3212189544  rcvnxt: 3212190358

sndwnd:  15564  scale:      0  maxrcvwnd:  16384
rcvwnd:  15571  scale:      0  delrcvwnd:    813

SRTT: 992 ms, RTTO: 1059 ms, RTV: 67 ms, KRTT: 0 ms
minRTT: 13 ms, maxRTT: 1000 ms, ACK hold: 200 ms
uptime: 1737101 ms, Sent idletime: 11843 ms, Receive idletime: 12044 ms 
Status Flags: active open
Option Flags: nagle, path mtu capable
IP Precedence value : 6

Datagrams (max data segment is 1460 bytes):
Rcvd: 71 (out of order: 0), with data: 35, total data bytes: 813
Sent: 69 (retransmit: 0, fastretransmit: 0, partialack: 0, Second Congestion: 0), with data: 35, total data bytes: 820

 Packets received in fast path: 0, fast processed: 0, slow path: 0
 fast lock acquisition failures: 0, slow path: 0
TCP Semaphore      0x7FCF6F2252B8  FREE 


For address family: IPv6 Unicast

For address family: IPv4 Multicast

For address family: L2VPN E-VPN

For address family: MVPNv4 Unicast

For address family: MVPNv6 Unicast

For address family: IPv4 Label-Unicast
BGP neighbor is 192.168.148.102,  remote AS 65002, external link
  BGP version 4, remote router ID 11.2.2.2
  BGP state = Established, up for 00:28:53
  Last read 00:01:15, last write 00:00:21, hold time is 180, keepalive interval is 60 seconds
  Neighbor sessions:
    1 active, is not multisession capable (disabled)
  Neighbor capabilities:
    Route refresh: advertised and received(new)
    Four-octets ASN Capability: advertised and received
    Address family IPv4 Unicast: advertised and received
    Enhanced Refresh Capability: advertised and received
    Multisession Capability: 
    Stateful switchover support enabled: NO for session 1
  Message statistics:
    InQ depth is 0
    OutQ depth is 0
    
                         Sent       Rcvd
    Opens:                  1          1
    Notifications:          0          0
    Updates:                3          3
    Keepalives:            32         31
    Route Refresh:          0          0
    Total:                 36         35
  Do log neighbor state changes (via global configuration)
  Default minimum time between advertisement runs is 30 seconds

  Address tracking is enabled, the RIB does have a route to 192.168.148.102
  Route to peer address reachability Up: 1; Down: 0
    Last notification 00:29:25
  Connections established 1; dropped 0
  Last reset never
  External BGP neighbor configured for connected checks (single-hop no-disable-connected-check)
  Interface associated: GigabitEthernet2 (peering address in same link)
  Transport(tcp) path-mtu-discovery is enabled
  Graceful-Restart is disabled
  SSO is disabled
Connection state is ESTAB, I/O status: 1, unread input bytes: 0            
Connection is ECN Disabled, Mininum incoming TTL 0, Outgoing TTL 1
Local host: 192.168.148.101, Local port: 13249
Foreign host: 192.168.148.102, Foreign port: 179
Connection tableid (VRF): 0
Maximum output segment queue size: 50

Enqueued packets for retransmit: 1, input: 0  mis-ordered: 0 (0 bytes)

Event Timers (current time is 0x1EC4D0):
Timer          Starts    Wakeups            Next
Retrans            39          4        0x1EF49A
TimeWait            0          0             0x0
AckHold            34         31             0x0
SendWnd             0          0             0x0
KeepAlive           0          0             0x0
GiveUp              0          0             0x0
PmtuAger          863        862        0x1EF843
DeadWait            0          0             0x0
Linger              0          0             0x0
ProcessQ            0          0             0x0

iss:  209439975  snduna:  209440758  sndnxt:  209440777
irs: 2643494976  rcvnxt: 2643495759

sndwnd:  15602  scale:      0  maxrcvwnd:  16384
rcvwnd:  15602  scale:      0  delrcvwnd:    782

SRTT: 989 ms, RTTO: 1076 ms, RTV: 87 ms, KRTT: 17216 ms
minRTT: 30 ms, maxRTT: 1000 ms, ACK hold: 200 ms
uptime: 1734037 ms, Sent idletime: 4982 ms, Receive idletime: 73173 ms 
Status Flags: active open
Option Flags: nagle, path mtu capable
IP Precedence value : 6

Datagrams (max data segment is 1460 bytes):
Rcvd: 68 (out of order: 0), with data: 34, total data bytes: 782
Sent: 68 (retransmit: 4, fastretransmit: 0, partialack: 0, Second Congestion: 0), with data: 34, total data bytes: 801

 Packets received in fast path: 0, fast processed: 0, slow path: 0
 fast lock acquisition failures: 0, slow path: 0
TCP Semaphore      0x7FCF6F2251E8  FREE 

BGP neighbor is 192.168.157.102,  remote AS 65002, external link
  BGP version 4, remote router ID 11.2.2.2
  BGP state = Established, up for 00:28:57
  Last read 00:00:12, last write 00:00:28, hold time is 180, keepalive interval is 60 seconds
  Neighbor sessions:
    1 active, is not multisession capable (disabled)
  Neighbor capabilities:
    Route refresh: advertised and received(new)
    Four-octets ASN Capability: advertised and received
    Address family IPv4 Unicast: advertised and received
    Enhanced Refresh Capability: advertised and received
    Multisession Capability: 
    Stateful switchover support enabled: NO for session 1
  Message statistics:
    InQ depth is 0
    OutQ depth is 0
    
                         Sent       Rcvd
    Opens:                  1          1
    Notifications:          0          0
    Updates:                3          4
    Keepalives:            33         31
    Route Refresh:          0          0
    Total:                 37         36
  Do log neighbor state changes (via global configuration)
  Default minimum time between advertisement runs is 30 seconds

  Address tracking is enabled, the RIB does have a route to 192.168.157.102
  Route to peer address reachability Up: 1; Down: 0
    Last notification 00:29:25
  Connections established 1; dropped 0
  Last reset never
  External BGP neighbor configured for connected checks (single-hop no-disable-connected-check)
  Interface associated: GigabitEthernet3 (peering address in same link)
  Transport(tcp) path-mtu-discovery is enabled
  Graceful-Restart is disabled
  SSO is disabled
Connection state is ESTAB, I/O status: 1, unread input bytes: 0            
Connection is ECN Disabled, Mininum incoming TTL 0, Outgoing TTL 1
Local host: 192.168.157.101, Local port: 12497
Foreign host: 192.168.157.102, Foreign port: 179
Connection tableid (VRF): 0
Maximum output segment queue size: 50

Enqueued packets for retransmit: 0, input: 0  mis-ordered: 0 (0 bytes)

Event Timers (current time is 0x1EC4D1):
Timer          Starts    Wakeups            Next
Retrans            36          0             0x0
TimeWait            0          0             0x0
AckHold            35         31             0x0
SendWnd             0          0             0x0
KeepAlive           0          0             0x0
GiveUp              0          0             0x0
PmtuAger          897        896        0x1EC4EE
DeadWait            0          0             0x0
Linger              0          0             0x0
ProcessQ            0          0             0x0

iss: 1109324024  snduna: 1109324845  sndnxt: 1109324845
irs: 3212189544  rcvnxt: 3212190358

sndwnd:  15564  scale:      0  maxrcvwnd:  16384
rcvwnd:  15571  scale:      0  delrcvwnd:    813

SRTT: 992 ms, RTTO: 1059 ms, RTV: 67 ms, KRTT: 0 ms
minRTT: 13 ms, maxRTT: 1000 ms, ACK hold: 200 ms
uptime: 1737113 ms, Sent idletime: 11855 ms, Receive idletime: 12056 ms 
Status Flags: active open
Option Flags: nagle, path mtu capable
IP Precedence value : 6

Datagrams (max data segment is 1460 bytes):
Rcvd: 71 (out of order: 0), with data: 35, total data bytes: 813
Sent: 69 (retransmit: 0, fastretransmit: 0, partialack: 0, Second Congestion: 0), with data: 35, total data bytes: 820

 Packets received in fast path: 0, fast processed: 0, slow path: 0
 fast lock acquisition failures: 0, slow path: 0
TCP Semaphore      0x7FCF6F2252B8  FREE 

R1#
[2021-11-21 19:20:15,761] +++ R1: executing command 'show bgp all neighbors 192.168.148.102 policy' +++
show bgp all neighbors 192.168.148.102 policy
 Neighbor: 192.168.148.102, Address-Family: IPv4 Unicast
 Neighbor: 192.168.148.102, Address-Family: IPv4 Label-Unicast
R1#
[2021-11-21 19:20:15,945] +++ R1: executing command 'show bgp all neighbors 192.168.157.102 policy' +++
show bgp all neighbors 192.168.157.102 policy
 Neighbor: 192.168.157.102, Address-Family: IPv4 Unicast
 Neighbor: 192.168.157.102, Address-Family: IPv4 Label-Unicast
R1#
[2021-11-21 19:20:16,155] +++ R1: executing command 'show bgp all' +++
show bgp all
For address family: IPv4 Unicast

BGP table version is 5, local router ID is 11.1.1.1
Status codes: s suppressed, d damped, h history, * valid, &gt; best, i - internal, 
              r RIB-failure, S Stale, m multipath, b backup-path, f RT-Filter, 
              x best-external, a additional-path, c RIB-compressed, 
              t secondary path, L long-lived-stale,
Origin codes: i - IGP, e - EGP, ? - incomplete
RPKI validation codes: V valid, I invalid, N Not found

     Network          Next Hop            Metric LocPrf Weight Path
 *&gt;   11.1.1.0/24      0.0.0.0                  0         32768 i
 *    11.2.2.0/24      192.168.157.102          0             0 65002 i
 *&gt;                    192.168.148.102          0             0 65002 i
 *&gt;   12.1.1.0/24      0.0.0.0                  0         32768 i
 *    12.2.2.0/24      192.168.157.102          0             0 65002 i
 *&gt;                    192.168.148.102          0             0 65002 i

For address family: IPv6 Unicast


For address family: IPv4 Multicast


For address family: L2VPN E-VPN


For address family: MVPNv4 Unicast


For address family: MVPNv6 Unicast

R1#
[2021-11-21 19:20:16,315] +++ R1: executing command 'show bgp all detail' +++
show bgp all detail
For address family: IPv4 Unicast

BGP routing table entry for 11.1.1.0/24, version 2
  Paths: (1 available, best #1, table default)
  Advertised to update-groups:
     1         
  Refresh Epoch 1
  Local
    0.0.0.0 from 0.0.0.0 (11.1.1.1)
      Origin IGP, metric 0, localpref 100, weight 32768, valid, sourced, local, best
      rx pathid: 0, tx pathid: 0x0
      Updated on Nov 21 2021 18:51:11 UTC
BGP routing table entry for 11.2.2.0/24, version 3
  Paths: (2 available, best #2, table default)
  Advertised to update-groups:
     1         
  Refresh Epoch 1
  65002
    192.168.157.102 from 192.168.157.102 (11.2.2.2)
      Origin IGP, metric 0, localpref 100, valid, external
      rx pathid: 0, tx pathid: 0
      Updated on Nov 21 2021 18:52:26 UTC
  Refresh Epoch 1
  65002
    192.168.148.102 from 192.168.148.102 (11.2.2.2)
      Origin IGP, metric 0, localpref 100, valid, external, best
      rx pathid: 0, tx pathid: 0x0
      Updated on Nov 21 2021 18:52:26 UTC
BGP routing table entry for 12.1.1.0/24, version 4
  Paths: (1 available, best #1, table default)
  Advertised to update-groups:
     1         
  Refresh Epoch 1
  Local
    0.0.0.0 from 0.0.0.0 (11.1.1.1)
      Origin IGP, metric 0, localpref 100, weight 32768, valid, sourced, local, best
      rx pathid: 0, tx pathid: 0x0
      Updated on Nov 21 2021 18:51:11 UTC
BGP routing table entry for 12.2.2.0/24, version 5
  Paths: (2 available, best #2, table default)
  Advertised to update-groups:
     1         
  Refresh Epoch 1
  65002
    192.168.157.102 from 192.168.157.102 (11.2.2.2)
      Origin IGP, metric 0, localpref 100, valid, external
      rx pathid: 0, tx pathid: 0
      Updated on Nov 21 2021 18:52:26 UTC
  Refresh Epoch 1
  65002
    192.168.148.102 from 192.168.148.102 (11.2.2.2)
      Origin IGP, metric 0, localpref 100, valid, external, best
      rx pathid: 0, tx pathid: 0x0
      Updated on Nov 21 2021 18:52:26 UTC

For address family: IPv6 Unicast


For address family: IPv4 Multicast


For address family: L2VPN E-VPN


For address family: MVPNv4 Unicast


For address family: MVPNv6 Unicast

R1#
[2021-11-21 19:20:16,563] +++ R1: executing command 'show bgp all neighbors 192.168.148.102 advertised-routes' +++
show bgp all neighbors 192.168.148.102 advertised-routes
For address family: IPv4 Unicast
BGP table version is 5, local router ID is 11.1.1.1
Status codes: s suppressed, d damped, h history, * valid, &gt; best, i - internal, 
              r RIB-failure, S Stale, m multipath, b backup-path, f RT-Filter, 
              x best-external, a additional-path, c RIB-compressed, 
              t secondary path, L long-lived-stale,
Origin codes: i - IGP, e - EGP, ? - incomplete
RPKI validation codes: V valid, I invalid, N Not found

     Network          Next Hop            Metric LocPrf Weight Path
 *&gt;   11.1.1.0/24      0.0.0.0                  0         32768 i
 *&gt;   11.2.2.0/24      192.168.148.102          0             0 65002 i
 *&gt;   12.1.1.0/24      0.0.0.0                  0         32768 i
 *&gt;   12.2.2.0/24      192.168.148.102          0             0 65002 i

Total number of prefixes 4 

For address family: IPv4 Label-Unicast
BGP table version is 5, local router ID is 11.1.1.1
Status codes: s suppressed, d damped, h history, * valid, &gt; best, i - internal, 
              r RIB-failure, S Stale, m multipath, b backup-path, f RT-Filter, 
              x best-external, a additional-path, c RIB-compressed, 
              t secondary path, L long-lived-stale,
Origin codes: i - IGP, e - EGP, ? - incomplete
RPKI validation codes: V valid, I invalid, N Not found

     Network          Next Hop            Metric LocPrf Weight Path
 *&gt;   11.1.1.0/24      0.0.0.0                  0         32768 i
 *&gt;   11.2.2.0/24      192.168.148.102          0             0 65002 i
 *&gt;   12.1.1.0/24      0.0.0.0                  0         32768 i
 *&gt;   12.2.2.0/24      192.168.148.102          0             0 65002 i

Total number of prefixes 4 
R1#
[2021-11-21 19:20:16,783] +++ R1: executing command 'show bgp all neighbors | i BGP neighbor' +++
show bgp all neighbors | i BGP neighbor
BGP neighbor is 192.168.148.102,  remote AS 65002, external link
  External BGP neighbor configured for connected checks (single-hop no-disable-connected-check)
BGP neighbor is 192.168.157.102,  remote AS 65002, external link
  External BGP neighbor configured for connected checks (single-hop no-disable-connected-check)
BGP neighbor is 192.168.148.102,  remote AS 65002, external link
  External BGP neighbor configured for connected checks (single-hop no-disable-connected-check)
BGP neighbor is 192.168.157.102,  remote AS 65002, external link
  External BGP neighbor configured for connected checks (single-hop no-disable-connected-check)
R1#
[2021-11-21 19:20:16,989] +++ R1: executing command 'show bgp all neighbors 192.168.157.102 advertised-routes' +++
show bgp all neighbors 192.168.157.102 advertised-routes
For address family: IPv4 Unicast
BGP table version is 5, local router ID is 11.1.1.1
Status codes: s suppressed, d damped, h history, * valid, &gt; best, i - internal, 
              r RIB-failure, S Stale, m multipath, b backup-path, f RT-Filter, 
              x best-external, a additional-path, c RIB-compressed, 
              t secondary path, L long-lived-stale,
Origin codes: i - IGP, e - EGP, ? - incomplete
RPKI validation codes: V valid, I invalid, N Not found

     Network          Next Hop            Metric LocPrf Weight Path
 *&gt;   11.1.1.0/24      0.0.0.0                  0         32768 i
 *&gt;   11.2.2.0/24      192.168.148.102          0             0 65002 i
 *&gt;   12.1.1.0/24      0.0.0.0                  0         32768 i
 *&gt;   12.2.2.0/24      192.168.148.102          0             0 65002 i

Total number of prefixes 4 

For address family: IPv4 Label-Unicast
BGP table version is 5, local router ID is 11.1.1.1
Status codes: s suppressed, d damped, h history, * valid, &gt; best, i - internal, 
              r RIB-failure, S Stale, m multipath, b backup-path, f RT-Filter, 
              x best-external, a additional-path, c RIB-compressed, 
              t secondary path, L long-lived-stale,
Origin codes: i - IGP, e - EGP, ? - incomplete
RPKI validation codes: V valid, I invalid, N Not found

     Network          Next Hop            Metric LocPrf Weight Path
 *&gt;   11.1.1.0/24      0.0.0.0                  0         32768 i
 *&gt;   11.2.2.0/24      192.168.148.102          0             0 65002 i
 *&gt;   12.1.1.0/24      0.0.0.0                  0         32768 i
 *&gt;   12.2.2.0/24      192.168.148.102          0             0 65002 i

Total number of prefixes 4 
R1#
[2021-11-21 19:20:17,205] +++ R1: executing command 'show bgp all neighbors | i BGP neighbor' +++
show bgp all neighbors | i BGP neighbor
BGP neighbor is 192.168.148.102,  remote AS 65002, external link
  External BGP neighbor configured for connected checks (single-hop no-disable-connected-check)
BGP neighbor is 192.168.157.102,  remote AS 65002, external link
  External BGP neighbor configured for connected checks (single-hop no-disable-connected-check)
BGP neighbor is 192.168.148.102,  remote AS 65002, external link
  External BGP neighbor configured for connected checks (single-hop no-disable-connected-check)
BGP neighbor is 192.168.157.102,  remote AS 65002, external link
[...]
  Inbound Common access list is not set 
  Inbound  access list is not set
  Proxy ARP is enabled
  Local Proxy ARP is disabled
  Security level is default
  Split horizon is enabled
  ICMP redirects are always sent
  ICMP unreachables are always sent
  ICMP mask replies are never sent
  IP fast switching is enabled
  IP Flow switching is disabled
  IP CEF switching is enabled
  IP CEF switching turbo vector
  IP Null turbo vector
  Associated unicast routing topologies:
        Topology "base", operation state is UP
  IP multicast fast switching is enabled
  IP multicast distributed fast switching is disabled
  IP route-cache flags are Fast, CEF
  Router Discovery is disabled
  IP output packet accounting is disabled
  IP access violation accounting is disabled
  TCP/IP header compression is disabled
  RTP/IP header compression is disabled
  Probe proxy name replies are disabled
  Policy routing is disabled
  Network address translation is disabled
  BGP Policy Mapping is disabled
  Input features: MCI Check
  IPv4 WCCP Redirect outbound is disabled
  IPv4 WCCP Redirect inbound is disabled
  IPv4 WCCP Redirect exclude is disabled
GigabitEthernet2 is administratively down, line protocol is down
  Internet address is 192.168.148.102/24
  Broadcast address is 255.255.255.255
  Address determined by non-volatile memory
  MTU is 1500 bytes
  Helper address is not set
  Directed broadcast forwarding is disabled
  Multicast reserved groups joined: 224.0.0.5
  Outgoing Common access list is not set 
  Outgoing access list is not set
  Inbound Common access list is not set 
  Inbound  access list is not set
  Proxy ARP is enabled
  Local Proxy ARP is disabled
  Security level is default
  Split horizon is enabled
  ICMP redirects are always sent
  ICMP unreachables are always sent
  ICMP mask replies are never sent
  IP fast switching is enabled
  IP Flow switching is disabled
  IP CEF switching is enabled
  IP CEF switching turbo vector
  IP Null turbo vector
  Associated unicast routing topologies:
        Topology "base", operation state is UP
  IP multicast fast switching is enabled
  IP multicast distributed fast switching is disabled
  IP route-cache flags are Fast, CEF
  Router Discovery is disabled
  IP output packet accounting is disabled
  IP access violation accounting is disabled
  TCP/IP header compression is disabled
  RTP/IP header compression is disabled
  Probe proxy name replies are disabled
  Policy routing is disabled
  Network address translation is disabled
  BGP Policy Mapping is disabled
  Input features: MCI Check
  IPv4 WCCP Redirect outbound is disabled
  IPv4 WCCP Redirect inbound is disabled
  IPv4 WCCP Redirect exclude is disabled
GigabitEthernet3 is up, line protocol is up
  Internet address is 192.168.157.102/24
  Broadcast address is 255.255.255.255
  Address determined by non-volatile memory
  MTU is 1500 bytes
  Helper address is not set
  Directed broadcast forwarding is disabled
  Multicast reserved groups joined: 224.0.0.5 224.0.0.6
  Outgoing Common access list is not set 
  Outgoing access list is not set
  Inbound Common access list is not set 
  Inbound  access list is not set
  Proxy ARP is enabled
  Local Proxy ARP is disabled
  Security level is default
  Split horizon is enabled
  ICMP redirects are always sent
  ICMP unreachables are always sent
  ICMP mask replies are never sent
  IP fast switching is enabled
  IP Flow switching is disabled
  IP CEF switching is enabled
  IP CEF switching turbo vector
  IP Null turbo vector
  Associated unicast routing topologies:
        Topology "base", operation state is UP
  IP multicast fast switching is enabled
  IP multicast distributed fast switching is disabled
  IP route-cache flags are Fast, CEF
  Router Discovery is disabled
  IP output packet accounting is disabled
  IP access violation accounting is disabled
  TCP/IP header compression is disabled
  RTP/IP header compression is disabled
  Probe proxy name replies are disabled
  Policy routing is disabled
  Network address translation is disabled
  BGP Policy Mapping is disabled
  Input features: MCI Check
  IPv4 WCCP Redirect outbound is disabled
  IPv4 WCCP Redirect inbound is disabled
  IPv4 WCCP Redirect exclude is disabled
Loopback0 is up, line protocol is up
  Internet address is 2.2.2.2/32
  Broadcast address is 255.255.255.255
  Address determined by non-volatile memory
  MTU is 1514 bytes
  Helper address is not set
  Directed broadcast forwarding is disabled
  Multicast reserved groups joined: 224.0.0.5
  Outgoing Common access list is not set 
  Outgoing access list is not set
  Inbound Common access list is not set 
  Inbound  access list is not set
  Proxy ARP is enabled
  Local Proxy ARP is disabled
  Security level is default
  Split horizon is enabled
  ICMP redirects are always sent
  ICMP unreachables are always sent
  ICMP mask replies are never sent
  IP fast switching is enabled
  IP Flow switching is disabled
  IP CEF switching is enabled
  IP CEF switching turbo vector
  IP Null turbo vector
  Associated unicast routing topologies:
        Topology "base", operation state is UP
  IP multicast fast switching is enabled
  IP multicast distributed fast switching is disabled
  IP route-cache flags are Fast, CEF
  Router Discovery is disabled
  IP output packet accounting is disabled
  IP access violation accounting is disabled
  TCP/IP header compression is disabled
  RTP/IP header compression is disabled
  Probe proxy name replies are disabled
  Policy routing is disabled
  Network address translation is disabled
  BGP Policy Mapping is disabled
  Input features: MCI Check
  IPv4 WCCP Redirect outbound is disabled
  IPv4 WCCP Redirect inbound is disabled
  IPv4 WCCP Redirect exclude is disabled
Loopback1 is up, line protocol is up
  Internet address is 11.2.2.2/24
  Broadcast address is 255.255.255.255
  Address determined by non-volatile memory
  MTU is 1514 bytes
  Helper address is not set
  Directed broadcast forwarding is disabled
  Multicast reserved groups joined: 224.0.0.5
  Outgoing Common access list is not set 
  Outgoing access list is not set
  Inbound Common access list is not set 
  Inbound  access list is not set
  Proxy ARP is enabled
  Local Proxy ARP is disabled
  Security level is default
  Split horizon is enabled
  ICMP redirects are always sent
  ICMP unreachables are always sent
  ICMP mask replies are never sent
  IP fast switching is enabled
  IP Flow switching is disabled
  IP CEF switching is enabled
  IP CEF switching turbo vector
  IP Null turbo vector
  Associated unicast routing topologies:
        Topology "base", operation state is UP
  IP multicast fast switching is enabled
  IP multicast distributed fast switching is disabled
  IP route-cache flags are Fast, CEF
  Router Discovery is disabled
  IP output packet accounting is disabled
  IP access violation accounting is disabled
  TCP/IP header compression is disabled
  RTP/IP header compression is disabled
  Probe proxy name replies are disabled
  Policy routing is disabled
  Network address translation is disabled
  BGP Policy Mapping is disabled
  Input features: MCI Check
  IPv4 WCCP Redirect outbound is disabled
  IPv4 WCCP Redirect inbound is disabled
  IPv4 WCCP Redirect exclude is disabled
Loopback2 is up, line protocol is up
  Internet address is 12.2.2.2/24
  Broadcast address is 255.255.255.255
  Address determined by non-volatile memory
  MTU is 1514 bytes
  Helper address is not set
  Directed broadcast forwarding is disabled
  Multicast reserved groups joined: 224.0.0.5
  Outgoing Common access list is not set 
  Outgoing access list is not set
  Inbound Common access list is not set 
  Inbound  access list is not set
  Proxy ARP is enabled
  Local Proxy ARP is disabled
  Security level is default
  Split horizon is enabled
  ICMP redirects are always sent
  ICMP unreachables are always sent
  ICMP mask replies are never sent
  IP fast switching is enabled
  IP Flow switching is disabled
  IP CEF switching is enabled
  IP CEF switching turbo vector
  IP Null turbo vector
  Associated unicast routing topologies:
        Topology "base", operation state is UP
  IP multicast fast switching is enabled
  IP multicast distributed fast switching is disabled
  IP route-cache flags are Fast, CEF
  Router Discovery is disabled
  IP output packet accounting is disabled
  IP access violation accounting is disabled
  TCP/IP header compression is disabled
  RTP/IP header compression is disabled
  Probe proxy name replies are disabled
  Policy routing is disabled
  Network address translation is disabled
  BGP Policy Mapping is disabled
  Input features: MCI Check
  IPv4 WCCP Redirect outbound is disabled
  IPv4 WCCP Redirect inbound is disabled
  IPv4 WCCP Redirect exclude is disabled
R2#
[2021-11-21 19:20:58,303] +++ R2: executing command 'show ip arp summary' +++
show ip arp summary
5 IP ARP entries, with 0 of them incomplete
R2#
[2021-11-21 19:20:58,520] +++ R2: executing command 'show ip traffic' +++
show ip traffic
IP statistics:
  Rcvd:  4221 total, 4193 local destination
         0 format errors, 0 checksum errors, 0 bad hop count
         0 unknown protocol, 0 not a gateway
         0 security failures, 0 bad options, 0 with options
  Opts:  0 end, 0 nop, 0 basic security, 0 loose source route
         0 timestamp, 0 extended security, 0 record route
         0 stream ID, 0 strict source route, 0 alert, 0 cipso, 0 ump
         0 other, 0 ignored
  Frags: 0 reassembled, 0 timeouts, 0 couldn't reassemble
         0 fragmented, 0 fragments, 0 couldn't fragment
         0 invalid hole
  Bcast: 523 received, 3 sent
  Mcast: 1281 received, 389 sent
  Sent:  5149 generated, 822 forwarded
  Drop:  0 encapsulation failed, 0 unresolved, 0 no adjacency
         0 no route, 0 unicast RPF, 0 forced drop, 0 unsupported-addr
         0 options denied, 0 source IP address zero

ICMP statistics:
  Rcvd: 0 format errors, 0 checksum errors, 0 redirects, 0 unreachable
        0 echo, 0 echo reply, 0 mask requests, 0 mask replies, 0 quench
        0 parameter, 0 timestamp, 0 timestamp replies, 0 info request, 0 other
        0 irdp solicitations, 0 irdp advertisements
        0 time exceeded, 0 info replies
  Sent: 0 redirects, 0 unreachable, 0 echo, 0 echo reply
        0 mask requests, 0 mask replies, 0 quench, 0 timestamp, 0 timestamp replies
        0 info reply, 0 time exceeded, 0 parameter problem
        0 irdp solicitations, 0 irdp advertisements

UDP statistics:
  Rcvd: 1168 total, 0 checksum errors, 1161 no port 0 finput
  Sent: 8 total, 0 forwarded broadcasts

PIMv2 statistics: Sent/Received
  Total: 0/0, 0 checksum errors, 0 format errors
  Registers: 0/0 (0 non-rp, 0 non-sm-group), Register Stops: 0/0,  Hellos: 0/0
  Join/Prunes: 0/0, Asserts: 0/0, grafts: 0/0
  Bootstraps: 0/0, Candidate_RP_Advertisements: 0/0
  Queue drops: 0
  State-Refresh: 0/0

IGMP statistics: Sent/Received
  Total: 0/0, Format errors: 0/0, Checksum errors: 0/0
  Host Queries: 0/0, Host Reports: 0/0, Host Leaves: 0/0 
  DVMRP: 0/0, PIM: 0/0
  Queue drops: 0
  Report VRF mismatch drops: 0

OSPF statistics:
  Last clearing of OSPF traffic counters never
  Rcvd: 396 total, 0 checksum errors
  	366 hello, 10 database desc, 1 link state req
  	9 link state updates, 10 link state acks
  Sent: 400 total
  	370 hello, 4 database desc, 1 link state req
  	18 link state updates, 7 link state acks

TCP statistics:
  Rcvd: 2627 total, 0 checksum errors, 0 no port
  Sent: 4741 total

BGP statistics:
  Rcvd: 73 total, 2 opens, 0 notifications, 6 updates
        65 keepalives, 0 route-refresh, 0 unrecognized
  Sent: 64 total, 2 opens, 0 notifications, 0 updates
        62 keepalives, 0 route-refresh

Probe statistics:
  Rcvd: 0 address requests, 0 address replies
        0 proxy name requests, 0 where-is requests, 0 other
  Sent: 0 address requests, 0 address replies (0 proxy)
        0 proxy name replies, 0 where-is replies

EIGRP-IPv4 statistics:
  Rcvd: 0 total
  Sent: 0 total

ARP statistics:
  Rcvd: 7 requests, 2 replies, 0 reverse, 0 other
  Sent: 2 requests, 16 replies (0 proxy), 0 reverse
  Drop due to input queue full: 0
R2#</msg>
<status status="PASS" starttime="20211121 19:20:13.575" endtime="20211121 19:20:59.135"></status>
</kw>
<status status="PASS" starttime="20211121 19:20:13.574" endtime="20211121 19:20:59.135" critical="yes"></status>
</test>
<test id="s1-t3" name="Compare snapshots">
<kw name="Compare profile &quot;./good_snapshot&quot; with &quot;./new_snapshot&quot; on devices &quot;R1;R2&quot;" library="genie.libs.robot.GenieRobot">
<doc>Compare system profiles taken as snapshots during the run</doc>
<msg timestamp="20211121 19:20:59.184" level="FAIL">
**********
Comparison between ./good_snapshot and ./new_snapshot is different for feature 'bgp' for device:

'R2'
 info:
  instance:
   default:
    vrf:
     default:
      neighbor:
       192.168.148.101:
        address_family:
         ipv4 unicast:
          path:
-          total_entries: 6
+          total_entries: 4
-         total_memory: 2408
+         total_memory: 2136
       192.168.148.101:
        bgp_session_transport:
         connection:
-         state: Established
+         state: Idle
-       bgp_session_transport:
-        transport: 
-         foreign_host: 192.168.148.101
-         foreign_port: 13249
-         local_host: 192.168.148.102
-         local_port: 179
-         mss: 1460
       192.168.148.101:
-       session_state: Established
+       session_state: Idle
-      192.168.148.101:
-       bgp_negotiated_capabilities: 
-        enhanced_refresh: advertised and received
-        four_octets_asn: advertised and received
-        route_refresh: advertised and received(new)
-        stateful_switchover: NO for session 1
-      192.168.148.101:
-       bgp_neighbor_counters: 
-        messages: 
-         received: 
-          keepalives: 30
-          notifications: 0
-          opens: 1
-          updates: 3
-         sent: 
-          keepalives: 30
-          notifications: 0
-          opens: 1
-          updates: 3
      neighbor:
       192.168.157.101:
        address_family:
         ipv4 unicast:
          path:
-          total_entries: 6
+          total_entries: 4
-         total_memory: 2408
+         total_memory: 2136
 routes_per_peer:
  instance:
   default:
    vrf:
     default:
      neighbor:
       192.168.148.101:
        address_family:
-        ipv4 label-unicast: 
-         advertised: 
-          11.1.1.0/24: 
-           index: 
-            1: 
-             metric: 0
-             next_hop: 192.168.148.101
-             origin_codes: i
-             path: 65001
-             status_codes: *&gt;
-             weight: 0
-          11.2.2.0/24: 
-           index: 
-            1: 
-             localprf: 0
-             next_hop: 0.0.0.0
-             origin_codes: i
-             status_codes: *&gt;
-             weight: 32768
-          12.1.1.0/24: 
-           index: 
-            1: 
-             metric: 0
-             next_hop: 192.168.148.101
-             origin_codes: i
-             path: 65001
-             status_codes: *&gt;
-             weight: 0
-          12.2.2.0/24: 
-           index: 
-            1: 
-             localprf: 0
-             next_hop: 0.0.0.0
-             origin_codes: i
-             status_codes: *&gt;
-             weight: 32768
-         routes: 
-          11.1.1.0/24: 
-           index: 
-            1: 
-             metric: 0
-             next_hop: 192.168.148.101
-             origin_codes: i
-             path: 65001
-             status_codes: *&gt;
-             weight: 0
-          12.1.1.0/24: 
-           index: 
-            1: 
-             metric: 0
-             next_hop: 192.168.148.101
-             origin_codes: i
-             path: 65001
-             status_codes: *&gt;
-             weight: 0

**********
Comparison between ./good_snapshot and ./new_snapshot is different for feature 'config' for device:

'R2'
 interface GigabitEthernet2
+ shutdown 

**********
Comparison between ./good_snapshot and ./new_snapshot is different for feature 'interface' for device:

'R2'
 info:
  GigabitEthernet2:
-  enabled: True
+  enabled: False
-  oper_status: up
+  oper_status: down
-  accounting: 
-   arp: 
-    chars_in: 60
-    chars_out: 300
-    pkts_in: 1
-    pkts_out: 5
-   ip: 
-    chars_in: 114400
-    chars_out: 25975
-    pkts_in: 817
-    pkts_out: 256
-   ipv6: 
-    chars_in: 74682
-    chars_out: 0
-    pkts_in: 363
-    pkts_out: 0
-   other: 
-    chars_in: 60
-    chars_out: 300
-    pkts_in: 1
-    pkts_out: 5

**********
Comparison between ./good_snapshot and ./new_snapshot is different for feature 'ospf' for device:

'R1'
 info:
  vrf:
   default:
    address_family:
     ipv4:
      instance:
       1:
        areas:
         0.0.0.1:
          interfaces:
           GigabitEthernet2:
-           neighbors: 
-            2.2.2.2: 
-             address: 192.168.148.102
-             bdr_ip_addr: 192.168.148.101
-             dead_timer: 00:00:32
-             dr_ip_addr: 192.168.148.102
-             neighbor_router_id: 2.2.2.2
-             state: full
-             statistics: 
-              nbr_event_count: 6
-              nbr_retrans_qlen: 0
'R2'
 info:
  vrf:
   default:
    address_family:
     ipv4:
      instance:
       1:
        areas:
         0.0.0.1:
          interfaces:
           GigabitEthernet2:
-           enable: True
+           enable: False
-           lls: True
-           neighbors: 
-            1.1.1.1: 
-             address: 192.168.148.101
-             bdr_ip_addr: 192.168.148.101
-             dead_timer: 00:00:31
-             dr_ip_addr: 192.168.148.102
-             neighbor_router_id: 1.1.1.1
-             state: full
-             statistics: 
-              nbr_event_count: 6
-              nbr_retrans_qlen: 0
-           passive: False

**********
Comparison between ./good_snapshot and ./new_snapshot is different for feature 'arp' for device:

'R2'
 info:
  interfaces:
   GigabitEthernet2:
-   ipv4: 
-    neighbors: 
-     192.168.148.101: 
-      ip: 192.168.148.101
-      link_layer_address: 0800.27b2.473b
-      origin: dynamic
-     192.168.148.102: 
-      ip: 192.168.148.102
-      link_layer_address: 0800.27bd.33db
-      origin: static
-  entries_total: 7
+  entries_total: 5</msg>
<status status="FAIL" starttime="20211121 19:20:59.137" endtime="20211121 19:20:59.184"></status>
</kw>
<status status="FAIL" starttime="20211121 19:20:59.136" endtime="20211121 19:20:59.185" critical="yes">
**********
Comparison between ./good_snapshot and ./new_snapshot is different for feature 'bgp' for device:

'R2'
 info:
  instance:
   default:
    vrf:
     default:
      neighbor:
       192.168.148.101:
        address_family:
         ipv4 unicast:
          path:
-          total_entries: 6
+          total_entries: 4
-         total_memory: 2408
+         total_memory: 2136
    [ Message content over the limit has been removed. ]
**********
Comparison between ./good_snapshot and ./new_snapshot is different for feature 'arp' for device:

'R2'
 info:
  interfaces:
   GigabitEthernet2:
-   ipv4: 
-    neighbors: 
-     192.168.148.101: 
-      ip: 192.168.148.101
-      link_layer_address: 0800.27b2.473b
-      origin: dynamic
-     192.168.148.102: 
-      ip: 192.168.148.102
-      link_layer_address: 0800.27bd.33db
-      origin: static
-  entries_total: 7
+  entries_total: 5</status>
</test>
<status status="FAIL" starttime="20211121 19:20:11.183" endtime="20211121 19:20:59.186"></status>
</suite>
<statistics>
<total>
<stat pass="2" fail="1">Critical Tests</stat>
<stat pass="2" fail="1">All Tests</stat>
</total>
<tag>
</tag>
<suite>
<stat pass="2" fail="1" id="s1" name="Robot Compare Snapshot">Robot Compare Snapshot</stat>
</suite>
</statistics>
<errors>
<msg timestamp="20211121 19:20:11.976" level="WARN">Could not load the Datafile correctly</msg>
</errors>
</robot>
