<?xml version="1.0" encoding="UTF-8"?>
<robot generator="Robot 3.2.1 (Python 3.8.2 on linux)" generated="20211121 19:17:52.622" rpa="false">
<suite id="s1" name="Robot Initial Snapshot" source="/home/devasc/labs/devnet-src/sample-app/Network_Monitor/robot_initial_snapshot.robot">
<test id="s1-t1" name="Connect">
<kw name="use genie testbed &quot;${testbed}&quot;" library="genie.libs.robot.GenieRobot">
<doc>Create the genie testbed</doc>
<msg timestamp="20211121 19:17:55.034" level="INFO">+------------------------------------------------------------------------------+
|                            Genie datafiles used:                             |
+------------------------------------------------------------------------------+</msg>
<msg timestamp="20211121 19:17:55.034" level="INFO">Trigger datafile          | </msg>
<msg timestamp="20211121 19:17:55.034" level="INFO">Verification  datafile    | </msg>
<msg timestamp="20211121 19:17:55.034" level="INFO">Pts datafile              | /home/devasc/.local/lib/python3.8/site-packages/genie/libs/sdk/genie_yamls/pts_datafile.yaml</msg>
<msg timestamp="20211121 19:17:55.034" level="INFO">Subsection datafile       | /home/devasc/.local/lib/python3.8/site-packages/genie/libs/sdk/genie_yamls/subsection_datafile.yaml</msg>
<msg timestamp="20211121 19:17:55.034" level="INFO">Config datafile           | None</msg>
<msg timestamp="20211121 19:17:55.052" level="WARN">Could not load the Datafile correctly</msg>
<status status="PASS" starttime="20211121 19:17:54.969" endtime="20211121 19:17:55.052"></status>
</kw>
<kw name="connect to device &quot;R1&quot;" library="pyats.robot.pyATSRobot">
<doc>Connect to device connection as defined in testbed.yaml</doc>
<msg timestamp="20211121 19:17:55.053" level="INFO">Connecting to device 'Device R1, type iosxe'</msg>
<msg timestamp="20211121 19:17:55.053" level="INFO">kwargs: {}</msg>
<msg timestamp="20211121 19:17:56.231" level="INFO">[2021-11-21 19:17:55,055] +++ R1 logfile /tmp/R1-cli-20211121T191755055.log +++
[2021-11-21 19:17:55,056] +++ Unicon plugin iosxe +++
Password: 
[2021-11-21 19:17:55,352] +++ connection to spawn: ssh -l cisco 192.168.56.101, id: 140299498239504 +++
[2021-11-21 19:17:55,353] connection to R1

C
*                                           *
**                                         **
***                                       ***
***  Cisco Networking Academy             ***
***                                       ***
***  This software is provided for        ***
***   Educational Purposes                ***
***    Only in Networking Academies       ***
***                                       ***
**                                         **
*                                           *



R1#
[2021-11-21 19:17:55,477] +++ initializing handle +++
[2021-11-21 19:17:55,478] +++ R1: executing command 'term length 0' +++
term length 0
R1#
[2021-11-21 19:17:55,640] +++ R1: executing command 'term width 0' +++
term width 0
R1#
[2021-11-21 19:17:55,782] +++ R1: executing command 'show version' +++
show version
Cisco IOS XE Software, Version 16.12.03
Cisco IOS Software [Gibraltar], Virtual XE Software (X86_64_LINUX_IOSD-UNIVERSALK9-M), Version 16.12.3, RELEASE SOFTWARE (fc5)
Technical Support: http://www.cisco.com/techsupport
Copyright (c) 1986-2020 by Cisco Systems, Inc.
Compiled Mon 09-Mar-20 21:50 by mcpre


Cisco IOS-XE software, Copyright (c) 2005-2020 by cisco Systems, Inc.
All rights reserved.  Certain components of Cisco IOS-XE software are
licensed under the GNU General Public License ("GPL") Version 2.0.  The
software code licensed under GPL Version 2.0 is free software that comes
with ABSOLUTELY NO WARRANTY.  You can redistribute and/or modify such
GPL code under the terms of GPL Version 2.0.  For more details, see the
documentation or "License Notice" file accompanying the IOS-XE software,
or the applicable URL provided on the flyer accompanying the IOS-XE
software.


ROM: IOS-XE ROMMON

R1 uptime is 27 minutes
Uptime for this control processor is 31 minutes
System returned to ROM by reload
System image file is "bootflash:packages.conf"
Last reload reason: reload



This product contains cryptographic features and is subject to United
States and local country laws governing import, export, transfer and
use. Delivery of Cisco cryptographic products does not imply
third-party authority to import, export, distribute or use encryption.
Importers, exporters, distributors and users are responsible for
compliance with U.S. and local country laws. By using this product you
agree to comply with applicable laws and regulations. If you are unable
to comply with U.S. and local laws, return this product immediately.

A summary of U.S. laws governing Cisco cryptographic products may be found at:
http://www.cisco.com/wwl/export/crypto/tool/stqrg.html

If you require further assistance please contact us by sending email to
export@cisco.com.

License Level: ax
License Type: N/A(Smart License Enabled)
Next reload license Level: ax


Smart Licensing Status: UNREGISTERED/No Licenses in Use

cisco CSR1000V (VXE) processor (revision VXE) with 723430K/3075K bytes of memory.
Processor board ID 9T4V2DF3DBN
3 Gigabit Ethernet interfaces
32768K bytes of non-volatile configuration memory.
2471456K bytes of physical memory.
6188032K bytes of virtual hard disk at bootflash:.
0K bytes of WebUI ODM Files at webui:.

Configuration register is 0x2102

R1#
[2021-11-21 19:17:55,929] +++ R1: config +++
config term
Enter configuration commands, one per line.  End with CNTL/Z.
R1(config)#no logging console
R1(config)#line console 0
R1(config-line)#exec-timeout 0
R1(config-line)#end
R1#</msg>
<status status="PASS" starttime="20211121 19:17:55.053" endtime="20211121 19:17:56.231"></status>
</kw>
<kw name="connect to device &quot;R2&quot;" library="pyats.robot.pyATSRobot">
<doc>Connect to device connection as defined in testbed.yaml</doc>
<msg timestamp="20211121 19:17:56.233" level="INFO">Connecting to device 'Device R2, type iosxe'</msg>
<msg timestamp="20211121 19:17:56.233" level="INFO">kwargs: {}</msg>
<msg timestamp="20211121 19:17:57.338" level="INFO">[2021-11-21 19:17:56,235] +++ R2 logfile /tmp/R2-cli-20211121T191756235.log +++
[2021-11-21 19:17:56,236] +++ Unicon plugin iosxe +++
The authenticity of host '192.168.56.102 (192.168.56.102)' can't be established.
RSA key fingerprint is SHA256:e64r5gr9/a72bs6ulu0952+YsHXh5jd/DwfaXSdhfU0.
Are you sure you want to continue connecting (yes/no/[fingerprint])? 
[2021-11-21 19:17:56,416] +++ connection to spawn: ssh -l cisco 192.168.56.102, id: 140299497994272 +++
[2021-11-21 19:17:56,416] connection to R2
yes
Warning: Permanently added '192.168.56.102' (RSA) to the list of known hosts.
Password: 
C
*                                           *
**                                         **
***                                       ***
***  Cisco Networking Academy             ***
***                                       ***
***  This software is provided for        ***
***   Educational Purposes                ***
***    Only in Networking Academies       ***
***                                       ***
**                                         **
*                                           *



R2#
[2021-11-21 19:17:56,681] +++ initializing handle +++
[2021-11-21 19:17:56,682] +++ R2: executing command 'term length 0' +++
term length 0
R2#
[2021-11-21 19:17:56,845] +++ R2: executing command 'term width 0' +++
term width 0
R2#
[2021-11-21 19:17:57,002] +++ R2: executing command 'show version' +++
show version
Cisco IOS XE Software, Version 16.12.03
Cisco IOS Software [Gibraltar], Virtual XE Software (X86_64_LINUX_IOSD-UNIVERSALK9-M), Version 16.12.3, RELEASE SOFTWARE (fc5)
Technical Support: http://www.cisco.com/techsupport
Copyright (c) 1986-2020 by Cisco Systems, Inc.
Compiled Mon 09-Mar-20 21:50 by mcpre


Cisco IOS-XE software, Copyright (c) 2005-2020 by cisco Systems, Inc.
All rights reserved.  Certain components of Cisco IOS-XE software are
licensed under the GNU General Public License ("GPL") Version 2.0.  The
software code licensed under GPL Version 2.0 is free software that comes
with ABSOLUTELY NO WARRANTY.  You can redistribute and/or modify such
GPL code under the terms of GPL Version 2.0.  For more details, see the
documentation or "License Notice" file accompanying the IOS-XE software,
or the applicable URL provided on the flyer accompanying the IOS-XE
software.


ROM: IOS-XE ROMMON

R2 uptime is 27 minutes
Uptime for this control processor is 31 minutes
System returned to ROM by reload
System image file is "bootflash:packages.conf"
Last reload reason: reload



This product contains cryptographic features and is subject to United
States and local country laws governing import, export, transfer and
use. Delivery of Cisco cryptographic products does not imply
third-party authority to import, export, distribute or use encryption.
Importers, exporters, distributors and users are responsible for
compliance with U.S. and local country laws. By using this product you
agree to comply with applicable laws and regulations. If you are unable
to comply with U.S. and local laws, return this product immediately.

A summary of U.S. laws governing Cisco cryptographic products may be found at:
http://www.cisco.com/wwl/export/crypto/tool/stqrg.html

If you require further assistance please contact us by sending email to
export@cisco.com.

License Level: ax
License Type: N/A(Smart License Enabled)
Next reload license Level: ax


Smart Licensing Status: UNREGISTERED/No Licenses in Use

cisco CSR1000V (VXE) processor (revision VXE) with 734694K/3075K bytes of memory.
Processor board ID 967ELFHPMR0
3 Gigabit Ethernet interfaces
32768K bytes of non-volatile configuration memory.
2633248K bytes of physical memory.
6188032K bytes of virtual hard disk at bootflash:.
0K bytes of WebUI ODM Files at webui:.

Configuration register is 0x2102

R2#
[2021-11-21 19:17:57,159] +++ R2: config +++
config term
Enter configuration commands, one per line.  End with CNTL/Z.
R2(config)#no logging console
R2(config)#line console 0
R2(config-line)#exec-timeout 0
R2(config-line)#end
R2#</msg>
<status status="PASS" starttime="20211121 19:17:56.232" endtime="20211121 19:17:57.339"></status>
</kw>
<status status="PASS" starttime="20211121 19:17:54.968" endtime="20211121 19:17:57.339" critical="yes"></status>
</test>
<test id="s1-t2" name="Profile the devices">
<kw name="Profile the system for &quot;bgp;config;interface;ospf;arp&quot; on devices &quot;R1;R2&quot; as &quot;./good_snapshot&quot;" library="genie.libs.robot.GenieRobot">
<doc>Profile system as per the provided features on the devices</doc>
<msg timestamp="20211121 19:17:57.342" level="INFO">Start learning feature bgp</msg>
<msg timestamp="20211121 19:18:00.124" level="INFO">Could not learn &lt;class 'genie.libs.parser.iosxe.show_bgp.ShowIpBgpTemplatePeerSession'&gt;
Parser Output is empty</msg>
<msg timestamp="20211121 19:18:00.311" level="INFO">Could not learn &lt;class 'genie.libs.parser.iosxe.show_bgp.ShowIpBgpTemplatePeerPolicy'&gt;
Parser Output is empty</msg>
<msg timestamp="20211121 19:18:00.866" level="INFO">Could not learn &lt;class 'genie.libs.parser.iosxe.show_bgp.ShowIpBgpAllDampeningParameters'&gt;
Parser Output is empty</msg>
<msg timestamp="20211121 19:18:01.415" level="INFO">Could not learn &lt;class 'genie.libs.parser.iosxe.show_bgp.ShowBgpAllNeighborsPolicy'&gt;
Parser Output is empty</msg>
<msg timestamp="20211121 19:18:01.592" level="INFO">Could not learn &lt;class 'genie.libs.parser.iosxe.show_bgp.ShowBgpAllNeighborsPolicy'&gt;
Parser Output is empty</msg>
<msg timestamp="20211121 19:18:04.153" level="INFO">Could not learn &lt;class 'genie.libs.parser.iosxe.show_bgp.ShowBgpAllNeighborsReceivedRoutes'&gt;
Parser Output is empty</msg>
<msg timestamp="20211121 19:18:04.551" level="INFO">Could not learn &lt;class 'genie.libs.parser.iosxe.show_bgp.ShowBgpAllNeighborsReceivedRoutes'&gt;
Parser Output is empty</msg>
<msg timestamp="20211121 19:18:04.552" level="INFO">+====================================================================================================================================================+</msg>
<msg timestamp="20211121 19:18:04.552" level="INFO">| Commands for learning feature 'Bgp'                                                                                                                |</msg>
<msg timestamp="20211121 19:18:04.552" level="INFO">+====================================================================================================================================================+</msg>
<msg timestamp="20211121 19:18:04.552" level="INFO">| - Parsed commands                                                                                                                                  |</msg>
<msg timestamp="20211121 19:18:04.552" level="INFO">|----------------------------------------------------------------------------------------------------------------------------------------------------|</msg>
<msg timestamp="20211121 19:18:04.552" level="INFO">|   cmd: &lt;class 'genie.libs.parser.iosxe.show_bgp.ShowBgpAllSummary'&gt;, arguments: {'address_family':'','vrf':''}                                     |</msg>
<msg timestamp="20211121 19:18:04.553" level="INFO">|   cmd: &lt;class 'genie.libs.parser.iosxe.show_bgp.ShowBgpAllClusterIds'&gt;                                                                             |</msg>
<msg timestamp="20211121 19:18:04.553" level="INFO">|   cmd: &lt;class 'genie.libs.parser.iosxe.show_bgp.ShowBgpAllNeighbors'&gt;, arguments: {'address_family':'','neighbor':''}                              |</msg>
<msg timestamp="20211121 19:18:04.553" level="INFO">|   cmd: &lt;class 'genie.libs.parser.iosxe.show_bgp.ShowBgpAll'&gt;, arguments: {'address_family':''}                                                     |</msg>
<msg timestamp="20211121 19:18:04.553" level="INFO">|   cmd: &lt;class 'genie.libs.parser.iosxe.show_bgp.ShowBgpAllDetail'&gt;, arguments: {'address_family':'','vrf':''}                                      |</msg>
<msg timestamp="20211121 19:18:04.553" level="INFO">|   cmd: &lt;class 'genie.libs.parser.iosxe.show_bgp.ShowBgpAllNeighborsAdvertisedRoutes'&gt;, arguments:                                                  |</msg>
<msg timestamp="20211121 19:18:04.553" level="INFO">| {'address_family':'','neighbor':'192.168.148.102'}                                                                                                 |</msg>
<msg timestamp="20211121 19:18:04.553" level="INFO">|   cmd: &lt;class 'genie.libs.parser.iosxe.show_bgp.ShowBgpAllNeighborsAdvertisedRoutes'&gt;, arguments:                                                  |</msg>
<msg timestamp="20211121 19:18:04.553" level="INFO">| {'address_family':'','neighbor':'192.168.157.102'}                                                                                                 |</msg>
<msg timestamp="20211121 19:18:04.553" level="INFO">|   cmd: &lt;class 'genie.libs.parser.iosxe.show_bgp.ShowBgpAllNeighborsRoutes'&gt;, arguments: {'address_family':'','neighbor':'192.168.148.102'}         |</msg>
<msg timestamp="20211121 19:18:04.553" level="INFO">|   cmd: &lt;class 'genie.libs.parser.iosxe.show_bgp.ShowBgpAllNeighborsRoutes'&gt;, arguments: {'address_family':'','neighbor':'192.168.157.102'}         |</msg>
<msg timestamp="20211121 19:18:04.553" level="INFO">|====================================================================================================================================================|</msg>
<msg timestamp="20211121 19:18:04.553" level="INFO">| - Commands with empty output                                                                                                                       |</msg>
<msg timestamp="20211121 19:18:04.553" level="INFO">|----------------------------------------------------------------------------------------------------------------------------------------------------|</msg>
<msg timestamp="20211121 19:18:04.553" level="INFO">|   cmd: &lt;class 'genie.libs.parser.iosxe.show_bgp.ShowIpBgpTemplatePeerSession'&gt;                                                                     |</msg>
<msg timestamp="20211121 19:18:04.553" level="INFO">|   cmd: &lt;class 'genie.libs.parser.iosxe.show_bgp.ShowIpBgpTemplatePeerPolicy'&gt;                                                                      |</msg>
<msg timestamp="20211121 19:18:04.554" level="INFO">|   cmd: &lt;class 'genie.libs.parser.iosxe.show_bgp.ShowIpBgpAllDampeningParameters'&gt;                                                                  |</msg>
<msg timestamp="20211121 19:18:04.554" level="INFO">|   cmd: &lt;class 'genie.libs.parser.iosxe.show_bgp.ShowBgpAllNeighborsPolicy'&gt;, arguments: {'neighbor':'192.168.148.102'}                             |</msg>
<msg timestamp="20211121 19:18:04.554" level="INFO">|   cmd: &lt;class 'genie.libs.parser.iosxe.show_bgp.ShowBgpAllNeighborsPolicy'&gt;, arguments: {'neighbor':'192.168.157.102'}                             |</msg>
<msg timestamp="20211121 19:18:04.554" level="INFO">|   cmd: &lt;class 'genie.libs.parser.iosxe.show_bgp.ShowBgpAllNeighborsReceivedRoutes'&gt;, arguments: {'address_family':'','neighbor':'192.168.148.102'} |</msg>
<msg timestamp="20211121 19:18:04.554" level="INFO">|   cmd: &lt;class 'genie.libs.parser.iosxe.show_bgp.ShowBgpAllNeighborsReceivedRoutes'&gt;, arguments: {'address_family':'','neighbor':'192.168.157.102'} |</msg>
<msg timestamp="20211121 19:18:04.554" level="INFO">|====================================================================================================================================================|</msg>
<msg timestamp="20211121 19:18:04.559" level="INFO">Start learning device configuration</msg>
<msg timestamp="20211121 19:18:04.825" level="INFO">Start learning feature interface</msg>
<msg timestamp="20211121 19:18:05.003" level="INFO">Could not learn &lt;class 'genie.libs.parser.iosxe.show_vrf.ShowVrf'&gt;
Parser Output is empty</msg>
<msg timestamp="20211121 19:18:05.914" level="INFO">Could not learn &lt;class 'genie.libs.parser.iosxe.show_interface.ShowIpv6Interface'&gt;
Parser Output is empty</msg>
<msg timestamp="20211121 19:18:05.915" level="INFO">+====================================================================================================================================================+</msg>
<msg timestamp="20211121 19:18:05.915" level="INFO">| Commands for learning feature 'Interface'                                                                                                          |</msg>
<msg timestamp="20211121 19:18:05.915" level="INFO">+====================================================================================================================================================+</msg>
<msg timestamp="20211121 19:18:05.915" level="INFO">| - Parsed commands                                                                                                                                  |</msg>
<msg timestamp="20211121 19:18:05.915" level="INFO">|----------------------------------------------------------------------------------------------------------------------------------------------------|</msg>
<msg timestamp="20211121 19:18:05.915" level="INFO">|   cmd: &lt;class 'genie.libs.parser.iosxe.show_interface.ShowInterfaces'&gt;, arguments: {'interface':''}                                                |</msg>
<msg timestamp="20211121 19:18:05.915" level="INFO">|   cmd: &lt;class 'genie.libs.parser.iosxe.show_interface.ShowInterfacesAccounting'&gt;, arguments: {'interface':''}                                      |</msg>
<msg timestamp="20211121 19:18:05.916" level="INFO">|   cmd: &lt;class 'genie.libs.parser.iosxe.show_interface.ShowIpInterface'&gt;, arguments: {'interface':''}                                               |</msg>
<msg timestamp="20211121 19:18:05.916" level="INFO">|====================================================================================================================================================|</msg>
<msg timestamp="20211121 19:18:05.916" level="INFO">| - Commands with empty output                                                                                                                       |</msg>
<msg timestamp="20211121 19:18:05.916" level="INFO">|----------------------------------------------------------------------------------------------------------------------------------------------------|</msg>
<msg timestamp="20211121 19:18:05.916" level="INFO">|   cmd: &lt;class 'genie.libs.parser.iosxe.show_vrf.ShowVrf'&gt;, arguments: {'vrf':''}                                                                   |</msg>
<msg timestamp="20211121 19:18:05.916" level="INFO">|   cmd: &lt;class 'genie.libs.parser.iosxe.show_interface.ShowIpv6Interface'&gt;, arguments: {'interface':''}                                             |</msg>
<msg timestamp="20211121 19:18:05.916" level="INFO">|====================================================================================================================================================|</msg>
<msg timestamp="20211121 19:18:05.948" level="INFO">Start learning feature ospf</msg>
<msg timestamp="20211121 19:18:08.926" level="INFO">Could not learn &lt;class 'genie.libs.parser.iosxe.show_ospf.ShowIpOspfVirtualLinks'&gt;
Parser Output is empty</msg>
<msg timestamp="20211121 19:18:12.102" level="INFO">Could not learn &lt;class 'genie.libs.parser.iosxe.show_ospf.ShowIpOspfShamLinks'&gt;
Parser Output is empty</msg>
<msg timestamp="20211121 19:18:12.103" level="INFO">+====================================================================================================================================================+</msg>
<msg timestamp="20211121 19:18:12.103" level="INFO">| Commands for learning feature 'Ospf'                                                                                                               |</msg>
<msg timestamp="20211121 19:18:12.103" level="INFO">+====================================================================================================================================================+</msg>
<msg timestamp="20211121 19:18:12.103" level="INFO">| - Parsed commands                                                                                                                                  |</msg>
<msg timestamp="20211121 19:18:12.103" level="INFO">|----------------------------------------------------------------------------------------------------------------------------------------------------|</msg>
<msg timestamp="20211121 19:18:12.103" level="INFO">|   cmd: &lt;class 'genie.libs.parser.iosxe.show_ospf.ShowIpOspf'&gt;                                                                                      |</msg>
<msg timestamp="20211121 19:18:12.103" level="INFO">|   cmd: &lt;class 'genie.libs.parser.iosxe.show_protocols.ShowIpProtocols'&gt;, arguments: {'vrf':''}                                                     |</msg>
<msg timestamp="20211121 19:18:12.103" level="INFO">|   cmd: &lt;class 'genie.libs.parser.iosxe.show_ospf.ShowIpOspfMplsLdpInterface'&gt;, arguments: {'interface':''}                                         |</msg>
<msg timestamp="20211121 19:18:12.103" level="INFO">|   cmd: &lt;class 'genie.libs.parser.iosxe.show_ospf.ShowIpOspfMplsTrafficEngLink'&gt;                                                                    |</msg>
<msg timestamp="20211121 19:18:12.103" level="INFO">|   cmd: &lt;class 'genie.libs.parser.iosxe.show_ospf.ShowIpOspfDatabaseRouter'&gt;                                                                        |</msg>
<msg timestamp="20211121 19:18:12.103" level="INFO">|   cmd: &lt;class 'genie.libs.parser.iosxe.show_ospf.ShowIpOspfDatabaseNetwork'&gt;                                                                       |</msg>
<msg timestamp="20211121 19:18:12.104" level="INFO">|   cmd: &lt;class 'genie.libs.parser.iosxe.show_ospf.ShowIpOspfDatabaseExternal'&gt;                                                                      |</msg>
<msg timestamp="20211121 19:18:12.104" level="INFO">|   cmd: &lt;class 'genie.libs.parser.iosxe.show_ospf.ShowIpOspfDatabaseSummary'&gt;                                                                       |</msg>
<msg timestamp="20211121 19:18:12.104" level="INFO">|   cmd: &lt;class 'genie.libs.parser.iosxe.show_ospf.ShowIpOspfDatabaseOpaqueArea'&gt;                                                                    |</msg>
<msg timestamp="20211121 19:18:12.104" level="INFO">|   cmd: &lt;class 'genie.libs.parser.iosxe.show_ospf.ShowIpOspfInterface'&gt;, arguments: {'interface':''}                                                |</msg>
<msg timestamp="20211121 19:18:12.104" level="INFO">|   cmd: &lt;class 'genie.libs.parser.iosxe.show_ospf.ShowIpOspfNeighborDetail'&gt;, arguments: {'neighbor':''}                                            |</msg>
<msg timestamp="20211121 19:18:12.104" level="INFO">|====================================================================================================================================================|</msg>
<msg timestamp="20211121 19:18:12.104" level="INFO">| - Commands with empty output                                                                                                                       |</msg>
<msg timestamp="20211121 19:18:12.104" level="INFO">|----------------------------------------------------------------------------------------------------------------------------------------------------|</msg>
<msg timestamp="20211121 19:18:12.104" level="INFO">|   cmd: &lt;class 'genie.libs.parser.iosxe.show_ospf.ShowIpOspfVirtualLinks'&gt;                                                                          |</msg>
<msg timestamp="20211121 19:18:12.104" level="INFO">|   cmd: &lt;class 'genie.libs.parser.iosxe.show_ospf.ShowIpOspfShamLinks'&gt;                                                                             |</msg>
<msg timestamp="20211121 19:18:12.104" level="INFO">|====================================================================================================================================================|</msg>
<msg timestamp="20211121 19:18:12.219" level="INFO">Start learning feature arp</msg>
<msg timestamp="20211121 19:18:12.541" level="INFO">Could not learn &lt;class 'genie.libs.parser.iosxe.show_vrf.ShowVrf'&gt;
Parser Output is empty</msg>
<msg timestamp="20211121 19:18:13.149" level="INFO">+====================================================================================================================================================+</msg>
<msg timestamp="20211121 19:18:13.150" level="INFO">| Commands for learning feature 'Arp'                                                                                                                |</msg>
<msg timestamp="20211121 19:18:13.150" level="INFO">+====================================================================================================================================================+</msg>
<msg timestamp="20211121 19:18:13.150" level="INFO">| - Parsed commands                                                                                                                                  |</msg>
<msg timestamp="20211121 19:18:13.150" level="INFO">|----------------------------------------------------------------------------------------------------------------------------------------------------|</msg>
<msg timestamp="20211121 19:18:13.150" level="INFO">|   cmd: &lt;class 'genie.libs.parser.iosxe.show_arp.ShowIpArp'&gt;                                                                                        |</msg>
<msg timestamp="20211121 19:18:13.150" level="INFO">|   cmd: &lt;class 'genie.libs.parser.iosxe.show_interface.ShowIpInterface'&gt;                                                                            |</msg>
<msg timestamp="20211121 19:18:13.150" level="INFO">|   cmd: &lt;class 'genie.libs.parser.iosxe.show_arp.ShowIpArpSummary'&gt;                                                                                 |</msg>
<msg timestamp="20211121 19:18:13.150" level="INFO">|   cmd: &lt;class 'genie.libs.parser.iosxe.show_arp.ShowIpTraffic'&gt;                                                                                    |</msg>
<msg timestamp="20211121 19:18:13.150" level="INFO">|====================================================================================================================================================|</msg>
<msg timestamp="20211121 19:18:13.151" level="INFO">| - Commands with empty output                                                                                                                       |</msg>
<msg timestamp="20211121 19:18:13.151" level="INFO">|----------------------------------------------------------------------------------------------------------------------------------------------------|</msg>
<msg timestamp="20211121 19:18:13.151" level="INFO">|   cmd: &lt;class 'genie.libs.parser.iosxe.show_vrf.ShowVrf'&gt;                                                                                          |</msg>
<msg timestamp="20211121 19:18:13.151" level="INFO">|====================================================================================================================================================|</msg>
<msg timestamp="20211121 19:18:13.155" level="INFO">Start learning feature bgp</msg>
<msg timestamp="20211121 19:18:13.799" level="INFO">Could not learn &lt;class 'genie.libs.parser.iosxe.show_bgp.ShowIpBgpTemplatePeerSession'&gt;
Parser Output is empty</msg>
<msg timestamp="20211121 19:18:14.012" level="INFO">Could not learn &lt;class 'genie.libs.parser.iosxe.show_bgp.ShowIpBgpTemplatePeerPolicy'&gt;
Parser Output is empty</msg>
<msg timestamp="20211121 19:18:14.545" level="INFO">Could not learn &lt;class 'genie.libs.parser.iosxe.show_bgp.ShowIpBgpAllDampeningParameters'&gt;
Parser Output is empty</msg>
<msg timestamp="20211121 19:18:15.081" level="INFO">Could not learn &lt;class 'genie.libs.parser.iosxe.show_bgp.ShowBgpAllNeighborsPolicy'&gt;
Parser Output is empty</msg>
<msg timestamp="20211121 19:18:15.288" level="INFO">Could not learn &lt;class 'genie.libs.parser.iosxe.show_bgp.ShowBgpAllNeighborsPolicy'&gt;
Parser Output is empty</msg>
<msg timestamp="20211121 19:18:17.764" level="INFO">Could not learn &lt;class 'genie.libs.parser.iosxe.show_bgp.ShowBgpAllNeighborsReceivedRoutes'&gt;
Parser Output is empty</msg>
<msg timestamp="20211121 19:18:18.193" level="INFO">Could not learn &lt;class 'genie.libs.parser.iosxe.show_bgp.ShowBgpAllNeighborsReceivedRoutes'&gt;
Parser Output is empty</msg>
<msg timestamp="20211121 19:18:18.194" level="INFO">+====================================================================================================================================================+</msg>
<msg timestamp="20211121 19:18:18.194" level="INFO">| Commands for learning feature 'Bgp'                                                                                                                |</msg>
<msg timestamp="20211121 19:18:18.194" level="INFO">+====================================================================================================================================================+</msg>
<msg timestamp="20211121 19:18:18.195" level="INFO">| - Parsed commands                                                                                                                                  |</msg>
<msg timestamp="20211121 19:18:18.195" level="INFO">|----------------------------------------------------------------------------------------------------------------------------------------------------|</msg>
<msg timestamp="20211121 19:18:18.195" level="INFO">|   cmd: &lt;class 'genie.libs.parser.iosxe.show_bgp.ShowBgpAllSummary'&gt;, arguments: {'address_family':'','vrf':''}                                     |</msg>
<msg timestamp="20211121 19:18:18.195" level="INFO">|   cmd: &lt;class 'genie.libs.parser.iosxe.show_bgp.ShowBgpAllClusterIds'&gt;                                                                             |</msg>
<msg timestamp="20211121 19:18:18.195" level="INFO">|   cmd: &lt;class 'genie.libs.parser.iosxe.show_bgp.ShowBgpAllNeighbors'&gt;, arguments: {'address_family':'','neighbor':''}                              |</msg>
<msg timestamp="20211121 19:18:18.195" level="INFO">|   cmd: &lt;class 'genie.libs.parser.iosxe.show_bgp.ShowBgpAll'&gt;, arguments: {'address_family':''}                                                     |</msg>
<msg timestamp="20211121 19:18:18.195" level="INFO">|   cmd: &lt;class 'genie.libs.parser.iosxe.show_bgp.ShowBgpAllDetail'&gt;, arguments: {'address_family':'','vrf':''}                                      |</msg>
<msg timestamp="20211121 19:18:18.195" level="INFO">|   cmd: &lt;class 'genie.libs.parser.iosxe.show_bgp.ShowBgpAllNeighborsAdvertisedRoutes'&gt;, arguments:                                                  |</msg>
<msg timestamp="20211121 19:18:18.195" level="INFO">| {'address_family':'','neighbor':'192.168.148.101'}                                                                                                 |</msg>
<msg timestamp="20211121 19:18:18.195" level="INFO">|   cmd: &lt;class 'genie.libs.parser.iosxe.show_bgp.ShowBgpAllNeighborsAdvertisedRoutes'&gt;, arguments:                                                  |</msg>
<msg timestamp="20211121 19:18:18.195" level="INFO">| {'address_family':'','neighbor':'192.168.157.101'}                                                                                                 |</msg>
<msg timestamp="20211121 19:18:18.195" level="INFO">|   cmd: &lt;class 'genie.libs.parser.iosxe.show_bgp.ShowBgpAllNeighborsRoutes'&gt;, arguments: {'address_family':'','neighbor':'192.168.148.101'}         |</msg>
<msg timestamp="20211121 19:18:18.195" level="INFO">|   cmd: &lt;class 'genie.libs.parser.iosxe.show_bgp.ShowBgpAllNeighborsRoutes'&gt;, arguments: {'address_family':'','neighbor':'192.168.157.101'}         |</msg>
<msg timestamp="20211121 19:18:18.195" level="INFO">|====================================================================================================================================================|</msg>
<msg timestamp="20211121 19:18:18.195" level="INFO">| - Commands with empty output                                                                                                                       |</msg>
<msg timestamp="20211121 19:18:18.196" level="INFO">|----------------------------------------------------------------------------------------------------------------------------------------------------|</msg>
<msg timestamp="20211121 19:18:18.196" level="INFO">|   cmd: &lt;class 'genie.libs.parser.iosxe.show_bgp.ShowIpBgpTemplatePeerSession'&gt;                                                                     |</msg>
<msg timestamp="20211121 19:18:18.196" level="INFO">|   cmd: &lt;class 'genie.libs.parser.iosxe.show_bgp.ShowIpBgpTemplatePeerPolicy'&gt;                                                                      |</msg>
<msg timestamp="20211121 19:18:18.196" level="INFO">|   cmd: &lt;class 'genie.libs.parser.iosxe.show_bgp.ShowIpBgpAllDampeningParameters'&gt;                                                                  |</msg>
<msg timestamp="20211121 19:18:18.196" level="INFO">|   cmd: &lt;class 'genie.libs.parser.iosxe.show_bgp.ShowBgpAllNeighborsPolicy'&gt;, arguments: {'neighbor':'192.168.148.101'}                             |</msg>
<msg timestamp="20211121 19:18:18.196" level="INFO">|   cmd: &lt;class 'genie.libs.parser.iosxe.show_bgp.ShowBgpAllNeighborsPolicy'&gt;, arguments: {'neighbor':'192.168.157.101'}                             |</msg>
<msg timestamp="20211121 19:18:18.196" level="INFO">|   cmd: &lt;class 'genie.libs.parser.iosxe.show_bgp.ShowBgpAllNeighborsReceivedRoutes'&gt;, arguments: {'address_family':'','neighbor':'192.168.148.101'} |</msg>
<msg timestamp="20211121 19:18:18.196" level="INFO">|   cmd: &lt;class 'genie.libs.parser.iosxe.show_bgp.ShowBgpAllNeighborsReceivedRoutes'&gt;, arguments: {'address_family':'','neighbor':'192.168.157.101'} |</msg>
<msg timestamp="20211121 19:18:18.196" level="INFO">|====================================================================================================================================================|</msg>
<msg timestamp="20211121 19:18:18.204" level="INFO">Start learning device configuration</msg>
<msg timestamp="20211121 19:18:18.637" level="INFO">Start learning feature interface</msg>
<msg timestamp="20211121 19:18:18.792" level="INFO">Could not learn &lt;class 'genie.libs.parser.iosxe.show_vrf.ShowVrf'&gt;
Parser Output is empty</msg>
<msg timestamp="20211121 19:18:19.681" level="INFO">Could not learn &lt;class 'genie.libs.parser.iosxe.show_interface.ShowIpv6Interface'&gt;
Parser Output is empty</msg>
<msg timestamp="20211121 19:18:19.682" level="INFO">+====================================================================================================================================================+</msg>
<msg timestamp="20211121 19:18:19.682" level="INFO">| Commands for learning feature 'Interface'                                                                                                          |</msg>
<msg timestamp="20211121 19:18:19.682" level="INFO">+====================================================================================================================================================+</msg>
<msg timestamp="20211121 19:18:19.682" level="INFO">| - Parsed commands                                                                                                                                  |</msg>
<msg timestamp="20211121 19:18:19.682" level="INFO">|----------------------------------------------------------------------------------------------------------------------------------------------------|</msg>
<msg timestamp="20211121 19:18:19.682" level="INFO">|   cmd: &lt;class 'genie.libs.parser.iosxe.show_interface.ShowInterfaces'&gt;, arguments: {'interface':''}                                                |</msg>
<msg timestamp="20211121 19:18:19.682" level="INFO">|   cmd: &lt;class 'genie.libs.parser.iosxe.show_interface.ShowInterfacesAccounting'&gt;, arguments: {'interface':''}                                      |</msg>
<msg timestamp="20211121 19:18:19.682" level="INFO">|   cmd: &lt;class 'genie.libs.parser.iosxe.show_interface.ShowIpInterface'&gt;, arguments: {'interface':''}                                               |</msg>
<msg timestamp="20211121 19:18:19.682" level="INFO">|====================================================================================================================================================|</msg>
<msg timestamp="20211121 19:18:19.682" level="INFO">| - Commands with empty output                                                                                                                       |</msg>
<msg timestamp="20211121 19:18:19.682" level="INFO">|----------------------------------------------------------------------------------------------------------------------------------------------------|</msg>
<msg timestamp="20211121 19:18:19.682" level="INFO">|   cmd: &lt;class 'genie.libs.parser.iosxe.show_vrf.ShowVrf'&gt;, arguments: {'vrf':''}                                                                   |</msg>
<msg timestamp="20211121 19:18:19.683" level="INFO">|   cmd: &lt;class 'genie.libs.parser.iosxe.show_interface.ShowIpv6Interface'&gt;, arguments: {'interface':''}                                             |</msg>
<msg timestamp="20211121 19:18:19.683" level="INFO">|====================================================================================================================================================|</msg>
<msg timestamp="20211121 19:18:19.707" level="INFO">Start learning feature ospf</msg>
<msg timestamp="20211121 19:18:22.283" level="INFO">Could not learn &lt;class 'genie.libs.parser.iosxe.show_ospf.ShowIpOspfVirtualLinks'&gt;
Parser Output is empty</msg>
<msg timestamp="20211121 19:18:25.461" level="INFO">Could not learn &lt;class 'genie.libs.parser.iosxe.show_ospf.ShowIpOspfShamLinks'&gt;
Parser Output is empty</msg>
<msg timestamp="20211121 19:18:25.462" level="INFO">+====================================================================================================================================================+</msg>
<msg timestamp="20211121 19:18:25.462" level="INFO">| Commands for learning feature 'Ospf'                                                                                                               |</msg>
<msg timestamp="20211121 19:18:25.462" level="INFO">+====================================================================================================================================================+</msg>
<msg timestamp="20211121 19:18:25.462" level="INFO">| - Parsed commands                                                                                                                                  |</msg>
<msg timestamp="20211121 19:18:25.462" level="INFO">|----------------------------------------------------------------------------------------------------------------------------------------------------|</msg>
<msg timestamp="20211121 19:18:25.462" level="INFO">|   cmd: &lt;class 'genie.libs.parser.iosxe.show_ospf.ShowIpOspf'&gt;                                                                                      |</msg>
<msg timestamp="20211121 19:18:25.462" level="INFO">|   cmd: &lt;class 'genie.libs.parser.iosxe.show_protocols.ShowIpProtocols'&gt;, arguments: {'vrf':''}                                                     |</msg>
<msg timestamp="20211121 19:18:25.462" level="INFO">|   cmd: &lt;class 'genie.libs.parser.iosxe.show_ospf.ShowIpOspfMplsLdpInterface'&gt;, arguments: {'interface':''}                                         |</msg>
<msg timestamp="20211121 19:18:25.462" level="INFO">|   cmd: &lt;class 'genie.libs.parser.iosxe.show_ospf.ShowIpOspfMplsTrafficEngLink'&gt;                                                                    |</msg>
<msg timestamp="20211121 19:18:25.462" level="INFO">|   cmd: &lt;class 'genie.libs.parser.iosxe.show_ospf.ShowIpOspfDatabaseRouter'&gt;                                                                        |</msg>
<msg timestamp="20211121 19:18:25.462" level="INFO">|   cmd: &lt;class 'genie.libs.parser.iosxe.show_ospf.ShowIpOspfDatabaseNetwork'&gt;                                                                       |</msg>
<msg timestamp="20211121 19:18:25.462" level="INFO">|   cmd: &lt;class 'genie.libs.parser.iosxe.show_ospf.ShowIpOspfDatabaseExternal'&gt;                                                                      |</msg>
<msg timestamp="20211121 19:18:25.463" level="INFO">|   cmd: &lt;class 'genie.libs.parser.iosxe.show_ospf.ShowIpOspfDatabaseSummary'&gt;                                                                       |</msg>
<msg timestamp="20211121 19:18:25.463" level="INFO">|   cmd: &lt;class 'genie.libs.parser.iosxe.show_ospf.ShowIpOspfDatabaseOpaqueArea'&gt;                                                                    |</msg>
<msg timestamp="20211121 19:18:25.463" level="INFO">|   cmd: &lt;class 'genie.libs.parser.iosxe.show_ospf.ShowIpOspfInterface'&gt;, arguments: {'interface':''}                                                |</msg>
<msg timestamp="20211121 19:18:25.463" level="INFO">|   cmd: &lt;class 'genie.libs.parser.iosxe.show_ospf.ShowIpOspfNeighborDetail'&gt;, arguments: {'neighbor':''}                                            |</msg>
<msg timestamp="20211121 19:18:25.463" level="INFO">|====================================================================================================================================================|</msg>
<msg timestamp="20211121 19:18:25.463" level="INFO">| - Commands with empty output                                                                                                                       |</msg>
<msg timestamp="20211121 19:18:25.463" level="INFO">|----------------------------------------------------------------------------------------------------------------------------------------------------|</msg>
<msg timestamp="20211121 19:18:25.463" level="INFO">|   cmd: &lt;class 'genie.libs.parser.iosxe.show_ospf.ShowIpOspfVirtualLinks'&gt;                                                                          |</msg>
<msg timestamp="20211121 19:18:25.463" level="INFO">|   cmd: &lt;class 'genie.libs.parser.iosxe.show_ospf.ShowIpOspfShamLinks'&gt;                                                                             |</msg>
<msg timestamp="20211121 19:18:25.463" level="INFO">|====================================================================================================================================================|</msg>
<msg timestamp="20211121 19:18:25.577" level="INFO">Start learning feature arp</msg>
<msg timestamp="20211121 19:18:25.872" level="INFO">Could not learn &lt;class 'genie.libs.parser.iosxe.show_vrf.ShowVrf'&gt;
Parser Output is empty</msg>
<msg timestamp="20211121 19:18:26.398" level="INFO">+====================================================================================================================================================+</msg>
<msg timestamp="20211121 19:18:26.398" level="INFO">| Commands for learning feature 'Arp'                                                                                                                |</msg>
<msg timestamp="20211121 19:18:26.398" level="INFO">+====================================================================================================================================================+</msg>
<msg timestamp="20211121 19:18:26.398" level="INFO">| - Parsed commands                                                                                                                                  |</msg>
<msg timestamp="20211121 19:18:26.398" level="INFO">|----------------------------------------------------------------------------------------------------------------------------------------------------|</msg>
<msg timestamp="20211121 19:18:26.398" level="INFO">|   cmd: &lt;class 'genie.libs.parser.iosxe.show_arp.ShowIpArp'&gt;                                                                                        |</msg>
<msg timestamp="20211121 19:18:26.398" level="INFO">|   cmd: &lt;class 'genie.libs.parser.iosxe.show_interface.ShowIpInterface'&gt;                                                                            |</msg>
<msg timestamp="20211121 19:18:26.398" level="INFO">|   cmd: &lt;class 'genie.libs.parser.iosxe.show_arp.ShowIpArpSummary'&gt;                                                                                 |</msg>
<msg timestamp="20211121 19:18:26.398" level="INFO">|   cmd: &lt;class 'genie.libs.parser.iosxe.show_arp.ShowIpTraffic'&gt;                                                                                    |</msg>
<msg timestamp="20211121 19:18:26.398" level="INFO">|====================================================================================================================================================|</msg>
<msg timestamp="20211121 19:18:26.398" level="INFO">| - Commands with empty output                                                                                                                       |</msg>
<msg timestamp="20211121 19:18:26.398" level="INFO">|----------------------------------------------------------------------------------------------------------------------------------------------------|</msg>
<msg timestamp="20211121 19:18:26.398" level="INFO">|   cmd: &lt;class 'genie.libs.parser.iosxe.show_vrf.ShowVrf'&gt;                                                                                          |</msg>
<msg timestamp="20211121 19:18:26.398" level="INFO">|====================================================================================================================================================|</msg>
<msg timestamp="20211121 19:18:26.742" level="INFO">Saved system profile as file: /home/devasc/labs/devnet-src/sample-app/Network_Monitor/./good_snapshot_R2_arp_pts.json</msg>
<msg timestamp="20211121 19:18:26.744" level="INFO">[2021-11-21 19:17:59,682] +++ R1: executing command 'show bgp all summary' +++
show bgp all summary
For address family: IPv4 Unicast
BGP router identifier 11.1.1.1, local AS number 65001
BGP table version is 5, main routing table version 5
4 network entries using 992 bytes of memory
6 path entries using 816 bytes of memory
2/2 BGP path/bestpath attribute entries using 576 bytes of memory
1 BGP AS-PATH entries using 24 bytes of memory
0 BGP route-map cache entries using 0 bytes of memory
0 BGP filter-list cache entries using 0 bytes of memory
BGP using 2408 total bytes of memory
BGP activity 6/2 prefixes, 8/2 paths, scan interval 60 secs
4 networks peaked at 18:52:26 Nov 21 2021 UTC (00:25:43.973 ago)

Neighbor        V           AS MsgRcvd MsgSent   TblVer  InQ OutQ Up/Down  State/PfxRcd
192.168.148.102 4        65002      33      33        5    0    0 00:26:38        2
192.168.157.102 4        65002      33      34        5    0    0 00:26:41        2
R1#
[2021-11-21 19:17:59,942] +++ R1: executing command 'show ip bgp template peer-session' +++
show ip bgp template peer-session
No templates configured

R1#
[2021-11-21 19:18:00,124] +++ R1: executing command 'show ip bgp template peer-policy' +++
show ip bgp template peer-policy
No templates configured

R1#
[2021-11-21 19:18:00,311] +++ R1: executing command 'show vrf detail | inc \(VRF' +++
show vrf detail | inc \(VRF
R1#
[2021-11-21 19:18:00,484] +++ R1: executing command 'show bgp all cluster-ids' +++
show bgp all cluster-ids
Global cluster-id: 11.1.1.1 (configured: 0.0.0.0)
BGP client-to-client reflection:         Configured    Used
  all (inter-cluster and intra-cluster): ENABLED
  intra-cluster:                         ENABLED       ENABLED

List of cluster-ids:
Cluster-id     #-neighbors C2C-rfl-CFG C2C-rfl-USE
R1#
[2021-11-21 19:18:00,648] +++ R1: executing command 'show ip bgp all dampening parameters' +++
show ip bgp all dampening parameters
For address family: IPv4 Unicast

% dampening not enabled for base

For address family: IPv6 Unicast

% dampening not enabled for base

For address family: IPv4 Multicast

% dampening not enabled for base

For address family: L2VPN E-VPN

% dampening not enabled for base

For address family: MVPNv4 Unicast

% dampening not enabled for base

For address family: MVPNv6 Unicast

% dampening not enabled for base
R1#
[2021-11-21 19:18:00,866] +++ R1: executing command 'show bgp all neighbors' +++
show bgp all neighbors
For address family: IPv4 Unicast
BGP neighbor is 192.168.148.102,  remote AS 65002, external link
  BGP version 4, remote router ID 11.2.2.2
  BGP state = Established, up for 00:26:39
  Last read 00:00:47, last write 00:00:49, hold time is 180, keepalive interval is 60 seconds
  Neighbor sessions:
    1 active, is not multisession capable (disabled)
  Neighbor capabilities:
    Route refresh: advertised and received(new)
    Four-octets ASN Capability: advertised and received
    Address family IPv4 Unicast: advertised and received
    Enhanced Refresh Capability: advertised and received
    Multisession Capability: 
    Stateful switchover support enabled: NO for session 1
  Message statistics:
    InQ depth is 0
    OutQ depth is 0
    
                         Sent       Rcvd
    Opens:                  1          1
    Notifications:          0          0
    Updates:                3          3
    Keepalives:            29         29
    Route Refresh:          0          0
    Total:                 33         33
  Do log neighbor state changes (via global configuration)
  Default minimum time between advertisement runs is 30 seconds

  Address tracking is enabled, the RIB does have a route to 192.168.148.102
  Route to peer address reachability Up: 1; Down: 0
    Last notification 00:27:10
  Connections established 1; dropped 0
  Last reset never
  External BGP neighbor configured for connected checks (single-hop no-disable-connected-check)
  Interface associated: GigabitEthernet2 (peering address in same link)
  Transport(tcp) path-mtu-discovery is enabled
  Graceful-Restart is disabled
  SSO is disabled
Connection state is ESTAB, I/O status: 1, unread input bytes: 0            
Connection is ECN Disabled, Mininum incoming TTL 0, Outgoing TTL 1
Local host: 192.168.148.101, Local port: 13249
Foreign host: 192.168.148.102, Foreign port: 179
Connection tableid (VRF): 0
Maximum output segment queue size: 50

Enqueued packets for retransmit: 0, input: 0  mis-ordered: 0 (0 bytes)

Event Timers (current time is 0x1CB710):
Timer          Starts    Wakeups            Next
Retrans            32          0             0x0
TimeWait            0          0             0x0
AckHold            32         29             0x0
SendWnd             0          0             0x0
KeepAlive           0          0             0x0
GiveUp              0          0             0x0
PmtuAger          753        752        0x1CB9EB
DeadWait            0          0             0x0
Linger              0          0             0x0
ProcessQ            0          0             0x0

iss:  209439975  snduna:  209440720  sndnxt:  209440720
irs: 2643494976  rcvnxt: 2643495721

sndwnd:  15640  scale:      0  maxrcvwnd:  16384
rcvwnd:  15640  scale:      0  delrcvwnd:    744

SRTT: 986 ms, RTTO: 1099 ms, RTV: 113 ms, KRTT: 0 ms
minRTT: 30 ms, maxRTT: 1000 ms, ACK hold: 200 ms
uptime: 1599455 ms, Sent idletime: 47342 ms, Receive idletime: 47542 ms 
Status Flags: active open
Option Flags: nagle, path mtu capable
IP Precedence value : 6

Datagrams (max data segment is 1460 bytes):
Rcvd: 64 (out of order: 0), with data: 32, total data bytes: 744
Sent: 63 (retransmit: 0, fastretransmit: 0, partialack: 0, Second Congestion: 0), with data: 31, total data bytes: 744

 Packets received in fast path: 0, fast processed: 0, slow path: 0
 fast lock acquisition failures: 0, slow path: 0
TCP Semaphore      0x7FCF6F2251E8  FREE 

BGP neighbor is 192.168.157.102,  remote AS 65002, external link
  BGP version 4, remote router ID 11.2.2.2
  BGP state = Established, up for 00:26:42
  Last read 00:00:21, last write 00:00:55, hold time is 180, keepalive interval is 60 seconds
  Neighbor sessions:
    1 active, is not multisession capable (disabled)
  Neighbor capabilities:
    Route refresh: advertised and received(new)
    Four-octets ASN Capability: advertised and received
    Address family IPv4 Unicast: advertised and received
    Enhanced Refresh Capability: advertised and received
    Multisession Capability: 
    Stateful switchover support enabled: NO for session 1
  Message statistics:
    InQ depth is 0
    OutQ depth is 0
    
                         Sent       Rcvd
    Opens:                  1          1
    Notifications:          0          0
    Updates:                3          3
    Keepalives:            30         29
    Route Refresh:          0          0
    Total:                 34         33
  Do log neighbor state changes (via global configuration)
  Default minimum time between advertisement runs is 30 seconds

  Address tracking is enabled, the RIB does have a route to 192.168.157.102
  Route to peer address reachability Up: 1; Down: 0
    Last notification 00:27:10
  Connections established 1; dropped 0
  Last reset never
  External BGP neighbor configured for connected checks (single-hop no-disable-connected-check)
  Interface associated: GigabitEthernet3 (peering address in same link)
  Transport(tcp) path-mtu-discovery is enabled
  Graceful-Restart is disabled
  SSO is disabled
Connection state is ESTAB, I/O status: 1, unread input bytes: 0            
Connection is ECN Disabled, Mininum incoming TTL 0, Outgoing TTL 1
Local host: 192.168.157.101, Local port: 12497
Foreign host: 192.168.157.102, Foreign port: 179
Connection tableid (VRF): 0
Maximum output segment queue size: 50

Enqueued packets for retransmit: 0, input: 0  mis-ordered: 0 (0 bytes)

Event Timers (current time is 0x1CB71B):
Timer          Starts    Wakeups            Next
Retrans            33          0             0x0
TimeWait            0          0             0x0
AckHold            32         28             0x0
SendWnd             0          0             0x0
KeepAlive           0          0             0x0
GiveUp              0          0             0x0
PmtuAger          772        771        0x1CBA92
DeadWait            0          0             0x0
Linger              0          0             0x0
ProcessQ            0          0             0x0

iss: 1109324024  snduna: 1109324788  sndnxt: 1109324788
irs: 3212189544  rcvnxt: 3212190289

sndwnd:  15621  scale:      0  maxrcvwnd:  16384
rcvwnd:  15640  scale:      0  delrcvwnd:    744

SRTT: 988 ms, RTTO: 1087 ms, RTV: 99 ms, KRTT: 0 ms
minRTT: 13 ms, maxRTT: 1000 ms, ACK hold: 200 ms
uptime: 1602531 ms, Sent idletime: 21736 ms, Receive idletime: 21936 ms 
Status Flags: active open
Option Flags: nagle, path mtu capable
IP Precedence value : 6

Datagrams (max data segment is 1460 bytes):
Rcvd: 65 (out of order: 0), with data: 32, total data bytes: 744
Sent: 63 (retransmit: 0, fastretransmit: 0, partialack: 0, Second Congestion: 0), with data: 32, total data bytes: 763

 Packets received in fast path: 0, fast processed: 0, slow path: 0
 fast lock acquisition failures: 0, slow path: 0
TCP Semaphore      0x7FCF6F2252B8  FREE 


For address family: IPv6 Unicast

For address family: IPv4 Multicast

For address family: L2VPN E-VPN

For address family: MVPNv4 Unicast

For address family: MVPNv6 Unicast

For address family: IPv4 Label-Unicast
BGP neighbor is 192.168.148.102,  remote AS 65002, external link
  BGP version 4, remote router ID 11.2.2.2
  BGP state = Established, up for 00:26:39
  Last read 00:00:47, last write 00:00:49, hold time is 180, keepalive interval is 60 seconds
  Neighbor sessions:
    1 active, is not multisession capable (disabled)
  Neighbor capabilities:
    Route refresh: advertised and received(new)
    Four-octets ASN Capability: advertised and received
    Address family IPv4 Unicast: advertised and received
    Enhanced Refresh Capability: advertised and received
    Multisession Capability: 
    Stateful switchover support enabled: NO for session 1
  Message statistics:
    InQ depth is 0
    OutQ depth is 0
    
                         Sent       Rcvd
    Opens:                  1          1
    Notifications:          0          0
    Updates:                3          3
    Keepalives:            29         29
    Route Refresh:          0          0
    Total:                 33         33
  Do log neighbor state changes (via global configuration)
  Default minimum time between advertisement runs is 30 seconds

  Address tracking is enabled, the RIB does have a route to 192.168.148.102
  Route to peer address reachability Up: 1; Down: 0
    Last notification 00:27:10
  Connections established 1; dropped 0
  Last reset never
  External BGP neighbor configured for connected checks (single-hop no-disable-connected-check)
  Interface associated: GigabitEthernet2 (peering address in same link)
  Transport(tcp) path-mtu-discovery is enabled
  Graceful-Restart is disabled
  SSO is disabled
Connection state is ESTAB, I/O status: 1, unread input bytes: 0            
Connection is ECN Disabled, Mininum incoming TTL 0, Outgoing TTL 1
Local host: 192.168.148.101, Local port: 13249
Foreign host: 192.168.148.102, Foreign port: 179
Connection tableid (VRF): 0
Maximum output segment queue size: 50

Enqueued packets for retransmit: 0, input: 0  mis-ordered: 0 (0 bytes)

Event Timers (current time is 0x1CB71B):
Timer          Starts    Wakeups            Next
Retrans            32          0             0x0
TimeWait            0          0             0x0
AckHold            32         29             0x0
SendWnd             0          0             0x0
KeepAlive           0          0             0x0
GiveUp              0          0             0x0
PmtuAger          753        752        0x1CB9EB
DeadWait            0          0             0x0
Linger              0          0             0x0
ProcessQ            0          0             0x0

iss:  209439975  snduna:  209440720  sndnxt:  209440720
irs: 2643494976  rcvnxt: 2643495721

sndwnd:  15640  scale:      0  maxrcvwnd:  16384
rcvwnd:  15640  scale:      0  delrcvwnd:    744

SRTT: 986 ms, RTTO: 1099 ms, RTV: 113 ms, KRTT: 0 ms
minRTT: 30 ms, maxRTT: 1000 ms, ACK hold: 200 ms
uptime: 1599456 ms, Sent idletime: 47343 ms, Receive idletime: 47543 ms 
Status Flags: active open
Option Flags: nagle, path mtu capable
IP Precedence value : 6

Datagrams (max data segment is 1460 bytes):
Rcvd: 64 (out of order: 0), with data: 32, total data bytes: 744
Sent: 63 (retransmit: 0, fastretransmit: 0, partialack: 0, Second Congestion: 0), with data: 31, total data bytes: 744

 Packets received in fast path: 0, fast processed: 0, slow path: 0
 fast lock acquisition failures: 0, slow path: 0
TCP Semaphore      0x7FCF6F2251E8  FREE 

BGP neighbor is 192.168.157.102,  remote AS 65002, external link
  BGP version 4, remote router ID 11.2.2.2
  BGP state = Established, up for 00:26:42
  Last read 00:00:21, last write 00:00:55, hold time is 180, keepalive interval is 60 seconds
  Neighbor sessions:
    1 active, is not multisession capable (disabled)
  Neighbor capabilities:
    Route refresh: advertised and received(new)
    Four-octets ASN Capability: advertised and received
    Address family IPv4 Unicast: advertised and received
    Enhanced Refresh Capability: advertised and received
    Multisession Capability: 
    Stateful switchover support enabled: NO for session 1
  Message statistics:
    InQ depth is 0
    OutQ depth is 0
    
                         Sent       Rcvd
    Opens:                  1          1
    Notifications:          0          0
    Updates:                3          3
    Keepalives:            30         29
    Route Refresh:          0          0
    Total:                 34         33
  Do log neighbor state changes (via global configuration)
  Default minimum time between advertisement runs is 30 seconds

  Address tracking is enabled, the RIB does have a route to 192.168.157.102
  Route to peer address reachability Up: 1; Down: 0
    Last notification 00:27:10
  Connections established 1; dropped 0
  Last reset never
  External BGP neighbor configured for connected checks (single-hop no-disable-connected-check)
  Interface associated: GigabitEthernet3 (peering address in same link)
  Transport(tcp) path-mtu-discovery is enabled
  Graceful-Restart is disabled
  SSO is disabled
Connection state is ESTAB, I/O status: 1, unread input bytes: 0            
Connection is ECN Disabled, Mininum incoming TTL 0, Outgoing TTL 1
Local host: 192.168.157.101, Local port: 12497
Foreign host: 192.168.157.102, Foreign port: 179
Connection tableid (VRF): 0
Maximum output segment queue size: 50

Enqueued packets for retransmit: 0, input: 0  mis-ordered: 0 (0 bytes)

Event Timers (current time is 0x1CB722):
Timer          Starts    Wakeups            Next
Retrans            33          0             0x0
TimeWait            0          0             0x0
AckHold            32         28             0x0
SendWnd             0          0             0x0
KeepAlive           0          0             0x0
GiveUp              0          0             0x0
PmtuAger          772        771        0x1CBA92
DeadWait            0          0             0x0
Linger              0          0             0x0
ProcessQ            0          0             0x0

iss: 1109324024  snduna: 1109324788  sndnxt: 1109324788
irs: 3212189544  rcvnxt: 3212190289

sndwnd:  15621  scale:      0  maxrcvwnd:  16384
rcvwnd:  15640  scale:      0  delrcvwnd:    744

SRTT: 988 ms, RTTO: 1087 ms, RTV: 99 ms, KRTT: 0 ms
minRTT: 13 ms, maxRTT: 1000 ms, ACK hold: 200 ms
uptime: 1602538 ms, Sent idletime: 21743 ms, Receive idletime: 21943 ms 
Status Flags: active open
Option Flags: nagle, path mtu capable
IP Precedence value : 6

Datagrams (max data segment is 1460 bytes):
Rcvd: 65 (out of order: 0), with data: 32, total data bytes: 744
Sent: 63 (retransmit: 0, fastretransmit: 0, partialack: 0, Second Congestion: 0), with data: 32, total data bytes: 763

 Packets received in fast path: 0, fast processed: 0, slow path: 0
 fast lock acquisition failures: 0, slow path: 0
TCP Semaphore      0x7FCF6F2252B8  FREE 

R1#
[2021-11-21 19:18:01,195] +++ R1: executing command 'show bgp all neighbors 192.168.148.102 policy' +++
show bgp all neighbors 192.168.148.102 policy
 Neighbor: 192.168.148.102, Address-Family: IPv4 Unicast
 Neighbor: 192.168.148.102, Address-Family: IPv4 Label-Unicast
R1#
[2021-11-21 19:18:01,415] +++ R1: executing command 'show bgp all neighbors 192.168.157.102 policy' +++
show bgp all neighbors 192.168.157.102 policy
 Neighbor: 192.168.157.102, Address-Family: IPv4 Unicast
 Neighbor: 192.168.157.102, Address-Family: IPv4 Label-Unicast
R1#
[2021-11-21 19:18:01,592] +++ R1: executing command 'show bgp all' +++
show bgp all
For address family: IPv4 Unicast

BGP table version is 5, local router ID is 11.1.1.1
Status codes: s suppressed, d damped, h history, * valid, &gt; best, i - internal, 
              r RIB-failure, S Stale, m multipath, b backup-path, f RT-Filter, 
              x best-external, a additional-path, c RIB-compressed, 
              t secondary path, L long-lived-stale,
Origin codes: i - IGP, e - EGP, ? - incomplete
RPKI validation codes: V valid, I invalid, N Not found

     Network          Next Hop            Metric LocPrf Weight Path
 *&gt;   11.1.1.0/24      0.0.0.0                  0         32768 i
 *    11.2.2.0/24      192.168.157.102          0             0 65002 i
 *&gt;                    192.168.148.102          0             0 65002 i
 *&gt;   12.1.1.0/24      0.0.0.0                  0         32768 i
 *    12.2.2.0/24      192.168.157.102          0             0 65002 i
 *&gt;                    192.168.148.102          0             0 65002 i

For address family: IPv6 Unicast


For address family: IPv4 Multicast


For address family: L2VPN E-VPN


For address family: MVPNv4 Unicast


For address family: MVPNv6 Unicast

R1#
[2021-11-21 19:18:01,742] +++ R1: executing command 'show bgp all detail' +++
show bgp all detail
For address family: IPv4 Unicast

BGP routing table entry for 11.1.1.0/24, version 2
  Paths: (1 available, best #1, table default)
  Advertised to update-groups:
     1         
  Refresh Epoch 1
  Local
    0.0.0.0 from 0.0.0.0 (11.1.1.1)
      Origin IGP, metric 0, localpref 100, weight 32768, valid, sourced, local, best
      rx pathid: 0, tx pathid: 0x0
      Updated on Nov 21 2021 18:51:11 UTC
BGP routing table entry for 11.2.2.0/24, version 3
  Paths: (2 available, best #2, table default)
  Advertised to update-groups:
     1         
  Refresh Epoch 1
  65002
    192.168.157.102 from 192.168.157.102 (11.2.2.2)
      Origin IGP, metric 0, localpref 100, valid, external
      rx pathid: 0, tx pathid: 0
      Updated on Nov 21 2021 18:52:26 UTC
  Refresh Epoch 1
  65002
    192.168.148.102 from 192.168.148.102 (11.2.2.2)
      Origin IGP, metric 0, localpref 100, valid, external, best
      rx pathid: 0, tx pathid: 0x0
      Updated on Nov 21 2021 18:52:26 UTC
BGP routing table entry for 12.1.1.0/24, version 4
  Paths: (1 available, best #1, table default)
  Advertised to update-groups:
     1         
  Refresh Epoch 1
  Local
    0.0.0.0 from 0.0.0.0 (11.1.1.1)
      Origin IGP, metric 0, localpref 100, weight 32768, valid, sourced, local, best
      rx pathid: 0, tx pathid: 0x0
      Updated on Nov 21 2021 18:51:11 UTC
BGP routing table entry for 12.2.2.0/24, version 5
  Paths: (2 available, best #2, table default)
  Advertised to update-groups:
     1         
  Refresh Epoch 1
  65002
    192.168.157.102 from 192.168.157.102 (11.2.2.2)
      Origin IGP, metric 0, localpref 100, valid, external
      rx pathid: 0, tx pathid: 0
      Updated on Nov 21 2021 18:52:26 UTC
  Refresh Epoch 1
  65002
    192.168.148.102 from 192.168.148.102 (11.2.2.2)
      Origin IGP, metric 0, localpref 100, valid, external, best
      rx pathid: 0, tx pathid: 0x0
      Updated on Nov 21 2021 18:52:26 UTC

For address family: IPv6 Unicast


For address family: IPv4 Multicast


For address family: L2VPN E-VPN


For address family: MVPNv4 Unicast


For address family: MVPNv6 Unicast

R1#
[2021-11-21 19:18:02,077] +++ R1: executing command 'show bgp all neighbors 192.168.148.102 advertised-routes' +++
show bgp all neighbors 192.168.148.102 advertised-routes
For address family: IPv4 Unicast
BGP table version is 5, local router ID is 11.1.1.1
Status codes: s suppressed, d damped, h history, * valid, &gt; best, i - internal, 
              r RIB-failure, S Stale, m multipath, b backup-path, f RT-Filter, 
              x best-external, a additional-path, c RIB-compressed, 
              t secondary path, L long-lived-stale,
Origin codes: i - IGP, e - EGP, ? - incomplete
RPKI validation codes: V valid, I invalid, N Not found

     Network          Next Hop            Metric LocPrf Weight Path
 *&gt;   11.1.1.0/24      0.0.0.0                  0         32768 i
 *&gt;   11.2.2.0/24      192.168.148.102          0             0 65002 i
 *&gt;   12.1.1.0/24      0.0.0.0                  0         32768 i
 *&gt;   12.2.2.0/24      192.168.148.102          0             0 65002 i

Total number of prefixes 4 

For address family: IPv4 Label-Unicast
BGP table version is 5, local router ID is 11.1.1.1
Status codes: s suppressed, d damped, h history, * valid, &gt; best, i - internal, 
              r RIB-failure, S Stale, m multipath, b backup-path, f RT-Filter, 
              x best-external, a additional-path, c RIB-compressed, 
              t secondary path, L long-lived-stale,
Origin codes: i - IGP, e - EGP, ? - incomplete
RPKI validation codes: V valid, I invalid, N Not found

     Network          Next Hop            Metric LocPrf Weight Path
 *&gt;   11.1.1.0/24      0.0.0.0                  0         32768 i
 *&gt;   11.2.2.0/24      192.168.148.102          0             0 65002 i
 *&gt;   12.1.1.0/24      0.0.0.0                  0         32768 i
 *&gt;   12.2.2.0/24      192.168.148.102          0             0 65002 i

Total number of prefixes 4 
R1#
[2021-11-21 19:18:02,289] +++ R1: executing command 'show bgp all neighbors | i BGP neighbor' +++
show bgp all neighbors | i BGP neighbor
BGP neighbor is 192.168.148.102,  remote AS 65002, external link
  External BGP neighbor configured for connected checks (single-hop no-disable-connected-check)
BGP neighbor is 192.168.157.102,  remote AS 65002, external link
  External BGP neighbor configured for connected checks (single-hop no-disable-connected-check)
BGP neighbor is 192.168.148.102,  remote AS 65002, external link
  External BGP neighbor configured for connected checks (single-hop no-disable-connected-check)
BGP neighbor is 192.168.157.102,  remote AS 65002, external link
  External BGP neighbor configured for connected checks (single-hop no-disable-connected-check)
R1#
[2021-11-21 19:18:02,509] +++ R1: executing command 'show bgp all neighbors 192.168.157.102 advertised-routes' +++
show bgp all neighbors 192.168.157.102 advertised-routes
For address family: IPv4 Unicast
BGP table version is 5, local router ID is 11.1.1.1
Status codes: s suppressed, d damped, h history, * valid, &gt; best, i - internal, 
              r RIB-failure, S Stale, m multipath, b backup-path, f RT-Filter, 
              x best-external, a additional-path, c RIB-compressed, 
              t secondary path, L long-lived-stale,
Origin codes: i - IGP, e - EGP, ? - incomplete
RPKI validation codes: V valid, I invalid, N Not found

     Network          Next Hop            Metric LocPrf Weight Path
 *&gt;   11.1.1.0/24      0.0.0.0                  0         32768 i
 *&gt;   11.2.2.0/24      192.168.148.102          0             0 65002 i
 *&gt;   12.1.1.0/24      0.0.0.0                  0         32768 i
 *&gt;   12.2.2.0/24      192.168.148.102          0             0 65002 i

Total number of prefixes 4 

For address family: IPv4 Label-Unicast
BGP table version is 5, local router ID is 11.1.1.1
Status codes: s suppressed, d damped, h history, * valid, &gt; best, i - internal, 
              r RIB-failure, S Stale, m multipath, b backup-path, f RT-Filter, 
              x best-external, a additional-path, c RIB-compressed, 
              t secondary path, L long-lived-stale,
Origin codes: i - IGP, e - EGP, ? - incomplete
RPKI validation codes: V valid, I invalid, N Not found

     Network          Next Hop            Metric LocPrf Weight Path
 *&gt;   11.1.1.0/24      0.0.0.0                  0         32768 i
 *&gt;   11.2.2.0/24      192.168.148.102          0             0 65002 i
 *&gt;   12.1.1.0/24      0.0.0.0                  0         32768 i
 *&gt;   12.2.2.0/24      192.168.148.102          0             0 65002 i

Total number of prefixes 4 
R1#
[2021-11-21 19:18:02,710] +++ R1: executing command 'show bgp all neighbors | i BGP neighbor' +++
show bgp all neighbors | i BGP neighbor
BGP neighbor is 192.168.148.102,  remote AS 65002, external link
  External BGP neighbor configured for connected checks (single-hop no-disable-connected-check)
BGP neighbor is 192.168.157.102,  remote AS 65002, external link
  External BGP neighbor configured for connected checks (single-hop no-disable-connected-check)
BGP neighbor is 192.168.148.102,  remote AS 65002, external link
  External BGP neighbor configured for connected checks (single-hop no-disable-connected-check)
BGP neighbor is 192.168.157.102,  remote AS 65002, external link
  External BGP neighbor configured for connected checks (single-hop no-disable-connected-check)
R1#
[2021-11-21 19:18:02,934] +++ R1: executing command 'show bgp all neighbors 192.168.148.102 routes' +++
show bgp all neighbors 192.168.148.102 routes
For address family: IPv4 Unicast
BGP table version is 5, local router ID is 11.1.1.1
Status codes: s suppressed, d damped, h history, * valid, &gt; best, i - internal, 
              r RIB-failure, S Stale, m multipath, b backup-path, f RT-Filter, 
              x best-external, a additional-path, c RIB-compressed, 
              t secondary path, L long-lived-stale,
Origin codes: i - IGP, e - EGP, ? - incomplete
RPKI validation codes: V valid, I invalid, N Not found

     Network          Next Hop            Metric LocPrf Weight Path
 *&gt;   11.2.2.0/24      192.168.148.102          0             0 65002 i
 *&gt;   12.2.2.0/24      192.168.148.102          0             0 65002 i

Total number of prefixes 2 

For address family: IPv4 Label-Unicast
BGP table version is 5, local router ID is 11.1.1.1
Status codes: s suppressed, d damped, h history, * valid, &gt; best, i - internal, 
              r RIB-failure, S Stale, m multipath, b backup-path, f RT-Filter, 
              x best-external, a additional-path, c RIB-compressed, 
              t secondary path, L long-lived-stale,
Origin codes: i - IGP, e - EGP, ? - incomplete
RPKI validation codes: V valid, I invalid, N Not found

     Network          Next Hop            Metric LocPrf Weight Path
 *&gt;   11.2.2.0/24      192.168.148.102          0             0 65002 i
 *&gt;   12.2.2.0/24      192.168.148.102          0             0 65002 i

Total number of prefixes 2 
R1#
[2021-11-21 19:18:03,138] +++ R1: executing command 'show bgp all neighbors | i BGP neighbor' +++
show bgp all neighbors | i BGP neighbor
BGP neighbor is 192.168.148.102,  remote AS 65002, external link
  External BGP neighbor configured for connected checks (single-hop no-disable-connected-check)
BGP neighbor is 192.168.157.102,  remote AS 65002, external link
  External BGP neighbor configured for connected checks (single-hop no-disable-connected-check)
BGP neighbor is 192.168.148.102,  remote AS 65002, external link
  External BGP neighbor configured for connected checks (single-hop no-disable-connected-check)
BGP neighbor is 192.168.157.102,  remote AS 65002, external link
  External BGP neighbor configured for connected checks (single-hop no-disable-connected-check)
R1#
[2021-11-21 19:18:03,355] +++ R1: executing command 'show bgp all neighbors 192.168.157.102 routes' +++
show bgp all neighbors 192.168.157.102 routes
For address family: IPv4 Unicast
BGP table version is 5, local router ID is 11.1.1.1
Status codes: s suppressed, d damped, h history, * valid, &gt; best, i - internal, 
              r RIB-failure, S Stale, m multipath, b backup-path, f RT-Filter, 
              x best-external, a additional-path, c RIB-compressed, 
              t secondary path, L long-lived-stale,
Origin codes: i - IGP, e - EGP, ? - incomplete
RPKI validation codes: V valid, I invalid, N Not found

     Network          Next Hop            Metric LocPrf Weight Path
 *    11.2.2.0/24      192.168.157.102          0             0 65002 i
 *    12.2.2.0/24      192.168.157.102          0             0 65002 i

Total number of prefixes 2 

For address family: IPv4 Label-Unicast
BGP table version is 5, local router ID is 11.1.1.1
Status codes: s suppressed, d damped, h history, * valid, &gt; best, i - internal, 
              r RIB-failure, S Stale, m multipath, b backup-path, f RT-Filter, 
              x best-external, a additional-path, c RIB-compressed, 
              t secondary path, L long-lived-stale,
Origin codes: i - IGP, e - EGP, ? - incomplete
RPKI validation codes: V valid, I invalid, N Not found

     Network          Next Hop            Metric LocPrf Weight Path
 *    11.2.2.0/24      192.168.157.102          0             0 65002 i
 *    12.2.2.0/24      192.168.157.102          0             0 65002 i

Total number of prefixes 2 
R1#
[2021-11-21 19:18:03,553] +++ R1: executing command 'show bgp all neighbors | i BGP neighbor' +++
show bgp all neighbors | i BGP neighbor
BGP neighbor is 192.168.148.102,  remote AS 65002, external link
  External BGP neighbor configured for connected checks (single-hop no-disable-connected-check)
BGP neighbor is 192.168.157.102,  remote AS 65002, external link
  External BGP neighbor configured for connected checks (single-hop no-disable-connected-check)
BGP neighbor is 192.168.148.102,  remote AS 65002, external link
  External BGP neighbor configured for connected checks (single-hop no-disable-connected-check)
BGP neighbor is 192.168.157.102,  remote AS 65002, external link
  External BGP neighbor configured for connected checks (single-hop no-disable-connected-check)
R1#
[2021-11-21 19:18:03,767] +++ R1: executing command 'show bgp all neighbors 192.168.148.102 received-routes' +++
show bgp all neighbors 192.168.148.102 received-routes
For address family: IPv4 Unicast
% Inbound soft reconfiguration not enabled on 192.168.148.102

For address family: IPv4 Label-Unicast
% Inbound soft reconfiguration not enabled on 192.168.148.102
R1#
[2021-11-21 19:18:03,965] +++ R1: executing command 'show bgp all neighbors | i BGP neighbor' +++
show bgp all neighbors | i BGP neighbor
BGP neighbor is 192.168.148.102,  remote AS 65002, external link
  External BGP neighbor configured for connected checks (single-hop no-disable-connected-check)
BGP neighbor is 192.168.157.102,  remote AS 65002, external link
  External BGP neighbor configured for connected checks (single-hop no-disable-connected-check)
BGP neighbor is 192.168.148.102,  remote AS 65002, external link
[...]
router ospf 1
 router-id 2.2.2.2
 passive-interface GigabitEthernet1
 passive-interface Loopback0
 passive-interface Loopback1
 passive-interface Loopback2
 network 0.0.0.0 255.255.255.255 area 1
R2#
[2021-11-21 19:18:23,589] +++ R2: executing command 'show running-config | section router ospf 1' +++
show running-config | section router ospf 1
router ospf 1
 router-id 2.2.2.2
 passive-interface GigabitEthernet1
 passive-interface Loopback0
 passive-interface Loopback1
 passive-interface Loopback2
 network 0.0.0.0 255.255.255.255 area 1
R2#
[2021-11-21 19:18:23,866] +++ R2: executing command 'show running-config | section router ospf 1' +++
show running-config | section router ospf 1
router ospf 1
 router-id 2.2.2.2
 passive-interface GigabitEthernet1
 passive-interface Loopback0
 passive-interface Loopback1
 passive-interface Loopback2
 network 0.0.0.0 255.255.255.255 area 1
R2#
[2021-11-21 19:18:24,138] +++ R2: executing command 'show ip ospf neighbor detail' +++
show ip ospf neighbor detail
 Neighbor 1.1.1.1, interface address 192.168.157.101, interface-id 9
    In the area 1 via interface GigabitEthernet3
    Neighbor priority is 1, State is FULL, 6 state changes
    DR is 192.168.157.102 BDR is 192.168.157.101
    Options is 0x12 in Hello (E-bit, L-bit)
    Options is 0x52 in DBD (E-bit, L-bit, O-bit)
    LLS Options is 0x1 (LR)
    Dead timer due in 00:00:33
    Neighbor is up for 00:27:10
    Index 1/2/2, retransmission queue length 0, number of retransmission 0
    First 0x0(0)/0x0(0)/0x0(0) Next 0x0(0)/0x0(0)/0x0(0)
    Last retransmission scan length is 0, maximum is 0
    Last retransmission scan time is 0 msec, maximum is 0 msec
 Neighbor 1.1.1.1, interface address 192.168.148.101, interface-id 8
    In the area 1 via interface GigabitEthernet2
    Neighbor priority is 1, State is FULL, 6 state changes
    DR is 192.168.148.102 BDR is 192.168.148.101
    Options is 0x12 in Hello (E-bit, L-bit)
    Options is 0x52 in DBD (E-bit, L-bit, O-bit)
    LLS Options is 0x1 (LR)
    Dead timer due in 00:00:31
    Neighbor is up for 00:27:10
    Index 1/1/1, retransmission queue length 0, number of retransmission 0
    First 0x0(0)/0x0(0)/0x0(0) Next 0x0(0)/0x0(0)/0x0(0)
    Last retransmission scan length is 0, maximum is 0
    Last retransmission scan time is 0 msec, maximum is 0 msec
R2#
[2021-11-21 19:18:24,358] +++ R2: executing command 'show ip ospf interface GigabitEthernet3' +++
show ip ospf interface GigabitEthernet3
GigabitEthernet3 is up, line protocol is up 
  Internet Address 192.168.157.102/24, Interface ID 9, Area 1
  Attached via Network Statement
  Process ID 1, Router ID 2.2.2.2, Network Type BROADCAST, Cost: 1
  Topology-MTID    Cost    Disabled    Shutdown      Topology Name
        0           1         no          no            Base
  Transmit Delay is 1 sec, State DR, Priority 1
  Designated Router (ID) 2.2.2.2, Interface address 192.168.157.102
  Backup Designated router (ID) 1.1.1.1, Interface address 192.168.157.101
  Timer intervals configured, Hello 10, Dead 40, Wait 40, Retransmit 5
    oob-resync timeout 40
    Hello due in 00:00:04
  Supports Link-local Signaling (LLS)
  Cisco NSF helper support enabled
  IETF NSF helper support enabled
  Can be protected by per-prefix Loop-Free FastReroute
  Can be used for per-prefix Loop-Free FastReroute repair paths
  Not Protected by per-prefix TI-LFA
  Index 1/2/2, flood queue length 0
  Next 0x0(0)/0x0(0)/0x0(0)
  Last flood scan length is 1, maximum is 1
  Last flood scan time is 0 msec, maximum is 0 msec
  Neighbor Count is 1, Adjacent neighbor count is 1 
    Adjacent with neighbor 1.1.1.1  (Backup Designated Router)
  Suppress hello for 0 neighbor(s)
R2#
[2021-11-21 19:18:24,546] +++ R2: executing command 'show running-config | section router ospf 1' +++
show running-config | section router ospf 1
router ospf 1
 router-id 2.2.2.2
 passive-interface GigabitEthernet1
 passive-interface Loopback0
 passive-interface Loopback1
 passive-interface Loopback2
 network 0.0.0.0 255.255.255.255 area 1
R2#
[2021-11-21 19:18:24,846] +++ R2: executing command 'show ip ospf interface GigabitEthernet2' +++
show ip ospf interface GigabitEthernet2
GigabitEthernet2 is up, line protocol is up 
  Internet Address 192.168.148.102/24, Interface ID 8, Area 1
  Attached via Network Statement
  Process ID 1, Router ID 2.2.2.2, Network Type BROADCAST, Cost: 1
  Topology-MTID    Cost    Disabled    Shutdown      Topology Name
        0           1         no          no            Base
  Transmit Delay is 1 sec, State DR, Priority 1
  Designated Router (ID) 2.2.2.2, Interface address 192.168.148.102
  Backup Designated router (ID) 1.1.1.1, Interface address 192.168.148.101
  Timer intervals configured, Hello 10, Dead 40, Wait 40, Retransmit 5
    oob-resync timeout 40
    Hello due in 00:00:06
  Supports Link-local Signaling (LLS)
  Cisco NSF helper support enabled
  IETF NSF helper support enabled
  Can be protected by per-prefix Loop-Free FastReroute
  Can be used for per-prefix Loop-Free FastReroute repair paths
  Not Protected by per-prefix TI-LFA
  Index 1/1/1, flood queue length 0
  Next 0x0(0)/0x0(0)/0x0(0)
  Last flood scan length is 1, maximum is 1
  Last flood scan time is 0 msec, maximum is 0 msec
  Neighbor Count is 1, Adjacent neighbor count is 1 
    Adjacent with neighbor 1.1.1.1  (Backup Designated Router)
  Suppress hello for 0 neighbor(s)
R2#
[2021-11-21 19:18:25,037] +++ R2: executing command 'show running-config | section router ospf 1' +++
show running-config | section router ospf 1
router ospf 1
 router-id 2.2.2.2
 passive-interface GigabitEthernet1
 passive-interface Loopback0
 passive-interface Loopback1
 passive-interface Loopback2
 network 0.0.0.0 255.255.255.255 area 1
R2#
[2021-11-21 19:18:25,301] +++ R2: executing command 'show ip ospf sham-links' +++
show ip ospf sham-links
R2#
[2021-11-21 19:18:25,577] +++ R2: executing command 'show ip arp' +++
show ip arp
Protocol  Address          Age (min)  Hardware Addr   Type   Interface
Internet  192.168.56.1            0   0a00.2700.0003  ARPA   GigabitEthernet1
Internet  192.168.56.100         22   0800.27b2.8991  ARPA   GigabitEthernet1
Internet  192.168.56.102          -   0800.2792.4e43  ARPA   GigabitEthernet1
Internet  192.168.148.101        27   0800.27b2.473b  ARPA   GigabitEthernet2
Internet  192.168.148.102         -   0800.27bd.33db  ARPA   GigabitEthernet2
Internet  192.168.157.101        27   0800.27b4.9674  ARPA   GigabitEthernet3
Internet  192.168.157.102         -   0800.27dd.19a8  ARPA   GigabitEthernet3
R2#
[2021-11-21 19:18:25,722] +++ R2: executing command 'show vrf' +++
show vrf
R2#
[2021-11-21 19:18:25,877] +++ R2: executing command 'show ip interface' +++
show ip interface
GigabitEthernet1 is up, line protocol is up
  Internet address is 192.168.56.102/24
  Broadcast address is 255.255.255.255
  Address determined by DHCP
  MTU is 1500 bytes
  Helper address is not set
  Directed broadcast forwarding is disabled
  Multicast reserved groups joined: 224.0.0.5 224.0.0.6
  Outgoing Common access list is not set 
  Outgoing access list is not set
  Inbound Common access list is not set 
  Inbound  access list is not set
  Proxy ARP is enabled
  Local Proxy ARP is disabled
  Security level is default
  Split horizon is enabled
  ICMP redirects are always sent
  ICMP unreachables are always sent
  ICMP mask replies are never sent
  IP fast switching is enabled
  IP Flow switching is disabled
  IP CEF switching is enabled
  IP CEF switching turbo vector
  IP Null turbo vector
  Associated unicast routing topologies:
        Topology "base", operation state is UP
  IP multicast fast switching is enabled
  IP multicast distributed fast switching is disabled
  IP route-cache flags are Fast, CEF
  Router Discovery is disabled
  IP output packet accounting is disabled
  IP access violation accounting is disabled
  TCP/IP header compression is disabled
  RTP/IP header compression is disabled
  Probe proxy name replies are disabled
  Policy routing is disabled
  Network address translation is disabled
  BGP Policy Mapping is disabled
  Input features: MCI Check
  IPv4 WCCP Redirect outbound is disabled
  IPv4 WCCP Redirect inbound is disabled
  IPv4 WCCP Redirect exclude is disabled
GigabitEthernet2 is up, line protocol is up
  Internet address is 192.168.148.102/24
  Broadcast address is 255.255.255.255
  Address determined by non-volatile memory
  MTU is 1500 bytes
  Helper address is not set
  Directed broadcast forwarding is disabled
  Multicast reserved groups joined: 224.0.0.5 224.0.0.6
  Outgoing Common access list is not set 
  Outgoing access list is not set
  Inbound Common access list is not set 
  Inbound  access list is not set
  Proxy ARP is enabled
  Local Proxy ARP is disabled
  Security level is default
  Split horizon is enabled
  ICMP redirects are always sent
  ICMP unreachables are always sent
  ICMP mask replies are never sent
  IP fast switching is enabled
  IP Flow switching is disabled
  IP CEF switching is enabled
  IP CEF switching turbo vector
  IP Null turbo vector
  Associated unicast routing topologies:
        Topology "base", operation state is UP
  IP multicast fast switching is enabled
  IP multicast distributed fast switching is disabled
  IP route-cache flags are Fast, CEF
  Router Discovery is disabled
  IP output packet accounting is disabled
  IP access violation accounting is disabled
  TCP/IP header compression is disabled
  RTP/IP header compression is disabled
  Probe proxy name replies are disabled
  Policy routing is disabled
  Network address translation is disabled
  BGP Policy Mapping is disabled
  Input features: MCI Check
  IPv4 WCCP Redirect outbound is disabled
  IPv4 WCCP Redirect inbound is disabled
  IPv4 WCCP Redirect exclude is disabled
GigabitEthernet3 is up, line protocol is up
  Internet address is 192.168.157.102/24
  Broadcast address is 255.255.255.255
  Address determined by non-volatile memory
  MTU is 1500 bytes
  Helper address is not set
  Directed broadcast forwarding is disabled
  Multicast reserved groups joined: 224.0.0.5 224.0.0.6
  Outgoing Common access list is not set 
  Outgoing access list is not set
  Inbound Common access list is not set 
  Inbound  access list is not set
  Proxy ARP is enabled
  Local Proxy ARP is disabled
  Security level is default
  Split horizon is enabled
  ICMP redirects are always sent
  ICMP unreachables are always sent
  ICMP mask replies are never sent
  IP fast switching is enabled
  IP Flow switching is disabled
  IP CEF switching is enabled
  IP CEF switching turbo vector
  IP Null turbo vector
  Associated unicast routing topologies:
        Topology "base", operation state is UP
  IP multicast fast switching is enabled
  IP multicast distributed fast switching is disabled
  IP route-cache flags are Fast, CEF
  Router Discovery is disabled
  IP output packet accounting is disabled
  IP access violation accounting is disabled
  TCP/IP header compression is disabled
  RTP/IP header compression is disabled
  Probe proxy name replies are disabled
  Policy routing is disabled
  Network address translation is disabled
  BGP Policy Mapping is disabled
  Input features: MCI Check
  IPv4 WCCP Redirect outbound is disabled
  IPv4 WCCP Redirect inbound is disabled
  IPv4 WCCP Redirect exclude is disabled
Loopback0 is up, line protocol is up
  Internet address is 2.2.2.2/32
  Broadcast address is 255.255.255.255
  Address determined by non-volatile memory
  MTU is 1514 bytes
  Helper address is not set
  Directed broadcast forwarding is disabled
  Multicast reserved groups joined: 224.0.0.5
  Outgoing Common access list is not set 
  Outgoing access list is not set
  Inbound Common access list is not set 
  Inbound  access list is not set
  Proxy ARP is enabled
  Local Proxy ARP is disabled
  Security level is default
  Split horizon is enabled
  ICMP redirects are always sent
  ICMP unreachables are always sent
  ICMP mask replies are never sent
  IP fast switching is enabled
  IP Flow switching is disabled
  IP CEF switching is enabled
  IP CEF switching turbo vector
  IP Null turbo vector
  Associated unicast routing topologies:
        Topology "base", operation state is UP
  IP multicast fast switching is enabled
  IP multicast distributed fast switching is disabled
  IP route-cache flags are Fast, CEF
  Router Discovery is disabled
  IP output packet accounting is disabled
  IP access violation accounting is disabled
  TCP/IP header compression is disabled
  RTP/IP header compression is disabled
  Probe proxy name replies are disabled
  Policy routing is disabled
  Network address translation is disabled
  BGP Policy Mapping is disabled
  Input features: MCI Check
  IPv4 WCCP Redirect outbound is disabled
  IPv4 WCCP Redirect inbound is disabled
  IPv4 WCCP Redirect exclude is disabled
Loopback1 is up, line protocol is up
  Internet address is 11.2.2.2/24
  Broadcast address is 255.255.255.255
  Address determined by non-volatile memory
  MTU is 1514 bytes
  Helper address is not set
  Directed broadcast forwarding is disabled
  Multicast reserved groups joined: 224.0.0.5
  Outgoing Common access list is not set 
  Outgoing access list is not set
  Inbound Common access list is not set 
  Inbound  access list is not set
  Proxy ARP is enabled
  Local Proxy ARP is disabled
  Security level is default
  Split horizon is enabled
  ICMP redirects are always sent
  ICMP unreachables are always sent
  ICMP mask replies are never sent
  IP fast switching is enabled
  IP Flow switching is disabled
  IP CEF switching is enabled
  IP CEF switching turbo vector
  IP Null turbo vector
  Associated unicast routing topologies:
        Topology "base", operation state is UP
  IP multicast fast switching is enabled
  IP multicast distributed fast switching is disabled
  IP route-cache flags are Fast, CEF
  Router Discovery is disabled
  IP output packet accounting is disabled
  IP access violation accounting is disabled
  TCP/IP header compression is disabled
  RTP/IP header compression is disabled
  Probe proxy name replies are disabled
  Policy routing is disabled
  Network address translation is disabled
  BGP Policy Mapping is disabled
  Input features: MCI Check
  IPv4 WCCP Redirect outbound is disabled
  IPv4 WCCP Redirect inbound is disabled
  IPv4 WCCP Redirect exclude is disabled
Loopback2 is up, line protocol is up
  Internet address is 12.2.2.2/24
  Broadcast address is 255.255.255.255
  Address determined by non-volatile memory
  MTU is 1514 bytes
  Helper address is not set
  Directed broadcast forwarding is disabled
  Multicast reserved groups joined: 224.0.0.5
  Outgoing Common access list is not set 
  Outgoing access list is not set
  Inbound Common access list is not set 
  Inbound  access list is not set
  Proxy ARP is enabled
  Local Proxy ARP is disabled
  Security level is default
  Split horizon is enabled
  ICMP redirects are always sent
  ICMP unreachables are always sent
  ICMP mask replies are never sent
  IP fast switching is enabled
  IP Flow switching is disabled
  IP CEF switching is enabled
  IP CEF switching turbo vector
  IP Null turbo vector
  Associated unicast routing topologies:
        Topology "base", operation state is UP
  IP multicast fast switching is enabled
  IP multicast distributed fast switching is disabled
  IP route-cache flags are Fast, CEF
  Router Discovery is disabled
  IP output packet accounting is disabled
  IP access violation accounting is disabled
  TCP/IP header compression is disabled
  RTP/IP header compression is disabled
  Probe proxy name replies are disabled
  Policy routing is disabled
  Network address translation is disabled
  BGP Policy Mapping is disabled
  Input features: MCI Check
  IPv4 WCCP Redirect outbound is disabled
  IPv4 WCCP Redirect inbound is disabled
  IPv4 WCCP Redirect exclude is disabled
R2#
[2021-11-21 19:18:26,056] +++ R2: executing command 'show ip arp summary' +++
show ip arp summary
7 IP ARP entries, with 0 of them incomplete
R2#
[2021-11-21 19:18:26,213] +++ R2: executing command 'show ip traffic' +++
show ip traffic
IP statistics:
  Rcvd:  2858 total, 2901 local destination
         0 format errors, 0 checksum errors, 0 bad hop count
         0 unknown protocol, 0 not a gateway
         0 security failures, 0 bad options, 0 with options
  Opts:  0 end, 0 nop, 0 basic security, 0 loose source route
         0 timestamp, 0 extended security, 0 record route
         0 stream ID, 0 strict source route, 0 alert, 0 cipso, 0 ump
         0 other, 0 ignored
  Frags: 0 reassembled, 0 timeouts, 0 couldn't reassemble
         0 fragmented, 0 fragments, 0 couldn't fragment
         0 invalid hole
  Bcast: 519 received, 3 sent
  Mcast: 1258 received, 366 sent
  Sent:  2800 generated, 1080 forwarded
  Drop:  0 encapsulation failed, 0 unresolved, 0 no adjacency
         0 no route, 0 unicast RPF, 0 forced drop, 0 unsupported-addr
         0 options denied, 0 source IP address zero

ICMP statistics:
  Rcvd: 0 format errors, 0 checksum errors, 0 redirects, 0 unreachable
        0 echo, 0 echo reply, 0 mask requests, 0 mask replies, 0 quench
        0 parameter, 0 timestamp, 0 timestamp replies, 0 info request, 0 other
        0 irdp solicitations, 0 irdp advertisements
        0 time exceeded, 0 info replies
  Sent: 0 redirects, 0 unreachable, 0 echo, 0 echo reply
        0 mask requests, 0 mask replies, 0 quench, 0 timestamp, 0 timestamp replies
        0 info reply, 0 time exceeded, 0 parameter problem
        0 irdp solicitations, 0 irdp advertisements

UDP statistics:
  Rcvd: 1165 total, 0 checksum errors, 1159 no port 0 finput
  Sent: 7 total, 0 forwarded broadcasts

PIMv2 statistics: Sent/Received
  Total: 0/0, 0 checksum errors, 0 format errors
  Registers: 0/0 (0 non-rp, 0 non-sm-group), Register Stops: 0/0,  Hellos: 0/0
  Join/Prunes: 0/0, Asserts: 0/0, grafts: 0/0
  Bootstraps: 0/0, Candidate_RP_Advertisements: 0/0
  Queue drops: 0
  State-Refresh: 0/0

IGMP statistics: Sent/Received
  Total: 0/0, Format errors: 0/0, Checksum errors: 0/0
  Host Queries: 0/0, Host Reports: 0/0, Host Leaves: 0/0 
  DVMRP: 0/0, PIM: 0/0
  Queue drops: 0
  Report VRF mismatch drops: 0

OSPF statistics:
  Last clearing of OSPF traffic counters never
  Rcvd: 373 total, 0 checksum errors
  	345 hello, 10 database desc, 1 link state req
  	8 link state updates, 9 link state acks
  Sent: 377 total
  	349 hello, 4 database desc, 1 link state req
  	17 link state updates, 6 link state acks

TCP statistics:
  Rcvd: 1361 total, 0 checksum errors, 0 no port
  Sent: 2416 total

BGP statistics:
  Rcvd: 69 total, 2 opens, 0 notifications, 6 updates
        61 keepalives, 0 route-refresh, 0 unrecognized
  Sent: 61 total, 2 opens, 0 notifications, 0 updates
        59 keepalives, 0 route-refresh

Probe statistics:
  Rcvd: 0 address requests, 0 address replies
        0 proxy name requests, 0 where-is requests, 0 other
  Sent: 0 address requests, 0 address replies (0 proxy)
        0 proxy name replies, 0 where-is replies

EIGRP-IPv4 statistics:
  Rcvd: 0 total
  Sent: 0 total

ARP statistics:
  Rcvd: 5 requests, 1 replies, 0 reverse, 0 other
  Sent: 1 requests, 14 replies (0 proxy), 0 reverse
  Drop due to input queue full: 0
R2#</msg>
<status status="PASS" starttime="20211121 19:17:57.341" endtime="20211121 19:18:26.747"></status>
</kw>
<status status="PASS" starttime="20211121 19:17:57.340" endtime="20211121 19:18:26.748" critical="yes"></status>
</test>
<status status="PASS" starttime="20211121 19:17:52.623" endtime="20211121 19:18:26.749"></status>
</suite>
<statistics>
<total>
<stat pass="2" fail="0">Critical Tests</stat>
<stat pass="2" fail="0">All Tests</stat>
</total>
<tag>
</tag>
<suite>
<stat pass="2" fail="0" id="s1" name="Robot Initial Snapshot">Robot Initial Snapshot</stat>
</suite>
</statistics>
<errors>
<msg timestamp="20211121 19:17:55.052" level="WARN">Could not load the Datafile correctly</msg>
</errors>
</robot>
